bucket.n.01 leak.v.04 Source -1 Time +1 time.n.08 EQU now
NEGATION <1 book.n.01 NEGATION <1 POSSIBILITY <1 excite.v.01 Stimulus -1
entity.n.01 Name ? be.v.02 Theme -1 Time +1 Co-Theme +3 time.n.08 EQU now person.n.01 EQU hearer movie.n.01 Creator +1 male.n.02 Name "Disney" favorite.a.02 Experiencer -3 Stimulus -2
female.n.02 lack.v.01 Pivot -1 Time +1 Theme +2 time.n.08 EQU now experience.n.01
person.n.01 Name ? stab.v.01 Agent -1 Time +1 Patient +2 time.n.08 TPR now female.n.02 Name "monica Seles"
NEGATION <1 person.n.01 entity.n.01 know.v.01 Experiencer -2 Stimulus -1 Time +1 time.n.08 EQU now
male.n.02 Name "Lincoln" die.v.01 Patient -1 Time +1 Time +2 time.n.08 TPR now time.n.08 YearOfCentury 1865
male.n.02 Name "Tom" time.n.08 EQU now angry.a.01 Experiencer -2 Time -1 Stimulus +1 person.n.01 Sub speaker
person.n.01 Name ? be.v.02 Theme -1 Time +1 Co-Theme +2 time.n.08 EQU now person.n.01 Role +1 president.n.01 Of +1 company.n.01 Name "FIAT"
person.n.01 call.v.03 Agent -1 Time +1 Theme +2 time.n.08 TPR now police.n.01
person.n.01 Sub speaker lose.v.02 Agent -1 Time +1 Theme +2 Extent +3 time.n.08 TPR now game.n.02 score.n.03 Value 3-2
female.n.02 Name "Maria" have.v.02 Pivot -1 Time +1 Theme +2 time.n.08 EQU now hair.n.01 Attribute +1 long.a.02 Value +
time.n.08 EQU now entity.n.01 far.a.01 Time -2 Value + AttributeOf -1
sky.n.01 time.n.08 EQU now blue.a.01 ColourOf -2 Time -1
male.n.02 Name "Michael Crichton" be.v.02 Theme -1 Time +1 Co-Theme +2 time.n.08 EQU now person.n.01 Role +1 author.n.01 Of +1 book.n.01 Name "Jurassic Park" book.n.01 EQU -1
person.n.01 EQU hearer wait.v.01 Theme -1
time.n.08 TPR now person.n.01 EQU hearer shy.a.01 Time -2 AttributeOf -1
manner.n.01 EQU ? die.v.01 Manner -1 Time +1 Patient +2 time.n.08 TPR now female.n.02 Name "Eva Peron"
male.n.02 deliver.v.02 Agent -1 Time +1 Theme +2 Destination +3 time.n.08 TPR now package.n.01 orphanage.n.02
person.n.01 EQU speaker time.n.08 EQU now crazy.a.05 Experiencer -2 Time -1 Stimulus +1 male.n.02
female.n.02 Name "Mayuko" design.v.03 Agent -1 Time +1 Result +2 Beneficiary +3 time.n.08 TPR now dress.n.01 female.n.02 ANA -4
entity.n.01 EQU ? be.v.02 Theme -1 Time +1 Co-Theme +3 time.n.08 EQU now person.n.01 EQU hearer surname.n.01 Bearer -1
person.n.01 Name ? Role +1 composer.n.01 write.v.06 Agent -2 Time +1 Result +2 time.n.08 TPR now music.n.01 Name "Die Götterdämmerung"
team.n.01 Name "Canada" beat.v.01 Agent -1 Time +1 Co-Agent +2 time.n.08 TPR now team.n.01 Name "USA"
dog.n.01 stink.v.02 Theme -1 Time +1 time.n.08 EQU now
person.n.01 EQU speaker person.n.01 Role +1 wife.n.01 Of -2 look.v.02 Theme -2 Time +1 Attribute +2 time.n.08 TPR now surprised.a.01 AttributeOf -4
pigeon.n.01 coo.v.02 Agent -1 Time +1 time.n.08 EQU now
person.n.01 Name ? sing.v.01 Agent -1 Time +1 Theme +2 time.n.08 TPR now music.n.01 Name "Tennessee Waltz"
NEGATION <1 person.n.01 NEGATION <1 clap.v.03 Agent -1 Time +1 time.n.08 EQU now
thermometer.n.01 read.v.08 Theme -1 Time +1 Value +3 time.n.08 EQU now quantity.n.01 EQU 10 degree_celsius.n.01 Quantity -1
female.n.02 Name "Betty" NEGATION <1 person.n.01 NEGATION <1 kill.v.01 Agent -2 Patient -1 Time +1 time.n.08 TPR now
female.n.02 Name "Cenerentola" have.v.01 Pivot -1 Time +1 Theme +3 time.n.08 TPR now quantity.n.01 EQU 2 person.n.01 Quantity -1 Role +1 stepsister.n.01 evil.a.01 AttributeOf -2
male.n.02 lie.v.05 Agent -1 Time +1 time.n.08 EQU now
male.n.02 Name "Charles de Gaulle" die.v.01 Patient -1 Time +1 Time +2 time.n.08 TPR now time.n.08 YearOfCentury 1970
person.n.01 EQU speaker eat.v.01 Agent -1 Time +1 Patient +2 time.n.08 TSU now apple.n.01
NEGATION <1 entity.n.01 PartOf +1 boy.n.01 NEGATION <1 dance.v.02 Theme -2 Time +1 time.n.08 TPR now
NEGATION <1 entity.n.01 SubOf +1 book.n.01 time.n.08 EQU now useful.a.01 AttributeOf -3 Time -1
company.n.01 Name "Spartan Air Lines" acquire.v.01 Agent -1 Time +1 Theme +2 time.n.08 TPR now company.n.01 Name "United Airways"
male.n.02 Name "Tom" time.n.08 TPR now stare.v.01 Agent -2 Time -1 Theme +1 female.n.02 Name "Mary"
club.n.07 Name ? Location +1 city.n.01 Name "Liverpool" spawn.v.01 Causer -2 Time +1 Theme +2 time.n.08 TPR now musical_organization.n.01 Name "Beatles"
male.n.02 Name "Klaus Pohl" be.v.08 Theme -1 Time +1 Co-Theme +2 time.n.08 EQU now person.n.01 Role +1 Source +2 dramatist.n.01 country.n.02 Name "germany"
female.n.02 Name "Mary" time.n.08 EQU now left-handed.a.01 AttributeOf -2 Time -1
male.n.02 Name "Grant" attack.v.01 Agent -1 Time +1 Patient +2 Frequency +3 time.n.08 TPR now city.n.01 Name "Vicksburg" time.n.01 Quantity +
female.n.02 Name "Lorry" swim.v.01 Theme -1 Time +1 Manner +2 time.n.08 EQU now well.a.01
entity.n.01 be.v.02 Theme -1 Time +1 Co-Theme +2 time.n.08 EQU now country.n.02 Name "Guatemala"
male.n.02 Name "Charles de Gaulle" die.v.01 Patient -1 Time +1 Time +2 time.n.08 TPR now time.n.08 YearOfCentury 1970
time.n.08 EQU now person.n.01 Sub speaker worried.a.01 Time -2 Experiencer -1 Stimulus +1 person.n.01 EQU hearer
lady.n.03 female.n.02 Name "Diana" Title -1 die.v.01 Patient -1 Time +1 Location +2 time.n.08 TPR now city.n.01 Name "Parigi"
association.n.01 Name ? lead.v.07 Theme -1 Time +1 Agent +2 time.n.08 EQU now female.n.02 Name "Hope Holcomb"
NEGATION <1 entity.n.01 SubOf +1 man.n.01 Quantity 2 NEGATION <1 laugh.v.01 Agent -2 Time +1 time.n.08 TPR now
entity.n.01 be.v.01 Theme -1 Time +1 Co-Theme +2 time.n.08 EQU now harp.n.01
time.n.08 TPR now female.n.02 livid.a.03 Time -2 Experiencer -1
female.n.02 Name "Klava" envy.v.01 Experiencer -1 Time +1 Stimulus +2 time.n.08 TPR now female.n.02 Name "Lyusya"
male.n.02 Name "Robin Hood" time.n.08 EQU now alive.a.01 AttributeOf -2 Time -1
NEGATION <1 entity.n.01 SubOf +1 book.n.01 time.n.08 EQU now interesting.a.01 AttributeOf -3 Time -1
time.n.08 TPR now entity.n.01 risky.a.01 Time -2 AttributeOf -1
male.n.02 Name "Henry Ford" found.v.01 Agent -1 Time +1 Theme +2 time.n.08 TPR now company.n.01 Name "Ford Motor Company"
city.n.01 Name "Pechino" time.n.08 EQU now more.r.01 Theme -2 Co-Theme +2 big.a.01 AttributeOf -3 Time -2 Degree -1 city.n.01 Name "Roma"
male.n.02 Name "Brian" buy.v.01 Agent -1 Time +1 Theme +2 Beneficiary +3 time.n.08 TPR now lipstick.n.01 female.n.02 Name "Kate"
NEGATION <1 apple.n.01 NEGATION <1 time.n.08 EQU now red.a.01 ColourOf -2 Time -1
continent.n.01 Name ? be.v.03 Location -1 Time +1 Theme +2 time.n.08 EQU now river.n.01 Name "Nilo" river.n.01 EQU -1
male.n.02 Name "Ken" know.v.04 Experiencer -1 Time +1 Stimulus +2 time.n.08 EQU now male.n.02 Name "Tom"
drop.n.01 drip.v.01 Theme -1 Time +1 time.n.08 TPR now
male.n.02 import.v.01 Agent -1 Time +1 Theme +2 Source +3 time.n.08 EQU now clothes.n.01 country.n.02 Name "Turchia"
man.n.01 time.n.08 EQU now be.v.03 Theme -2 Time -1 Source +1 country.n.02 Name "kenya"
entity.n.01 be.v.02 Theme -1 Time +1 Co-Theme +2 time.n.08 EQU now chihuahua.n.03 Owner +2 person.n.01 EQU speaker mom.n.01 Of -1
person.n.01 Name ? write.v.01 Agent -1 Time +1 Result +2 time.n.08 TPR now book.n.01
person.n.01 EQU ? be.v.08 Co-Theme -1 Time +1 Theme +2 time.n.08 EQU now female.n.02 Name "Alice Rivlin"
entity.n.01 time.n.08 EQU now perfect.a.01 AttributeOf -2 Time -1
female.n.02 Name "Judy" NEGATION <1 be.v.01 Theme -1 Time +1 Co-Theme +3 time.n.08 EQU now good.a.08 AttributeOf +2 person.n.01 Role +1 singer.n.01
manner.n.01 EQU ? die.v.01 Manner -1 Time +1 Patient +2 time.n.08 TPR now male.n.02 Name "George Washington"
person.n.01 EQU speaker person.n.01 Role +1 son.n.01 Of -2 suffer.v.02 Experiencer -2 Time +1 Stimulus +2 time.n.08 EQU now osteoporosis.n.01
person.n.01 EQU speaker old.a.01 Theme -1 Time +1 Value +3 time.n.08 EQU now quantity.n.01 EQU 17 year.n.01 Quantity -1
male.n.02 Name "Tom" entity.n.01 Sub -1 Sub +1 Quantity 2 female.n.02 Name "Mary" NEGATION <1 entity.n.01 SubOf -2 NEGATION <1 time.n.08 TPR now drunk.a.01 AttributeOf -2 Time -1
male.n.02 Name "Michael Jackson" die.v.01 Patient -1 Time +1 time.n.08 TPR now
male.n.02 Name "Taro" speak.v.03 Agent -1 Time +1 Theme +2 time.n.08 EQU now english.n.01
person.n.01 EQU ? be.v.08 Co-Theme -1 Time +1 Theme +2 time.n.08 EQU now male.n.02 Name "Anwar Sadat"
person.n.01 Name ? compose.v.02 Agent -1 Time +1 Result +2 time.n.08 TPR now music.n.01 Name "Messia"
entity.n.01 stink.v.02 Theme -1 Time +1 time.n.08 EQU now
ship.n.01 time.n.08 EQU now sink.v.04 Patient -2 Time -1
entity.n.01 time.n.08 EQU now more.r.01 Theme -2 important.a.01 AttributeOf -3 Time -2 Degree -1
fish.n.01 fly.v.01 Theme -1 Time +1 time.n.08 EQU now
male.n.02 person.n.01 EQU speaker shoot.v.01 Agent -2 Patient -1 Time +1 time.n.08 TPR now
male.n.02 Name "Chomsky" be.v.08 Theme -1 Time +1 Co-Theme +2 time.n.08 EQU now person.n.01 Role +1 linguist.n.01 structural.a.04 AttributeOf -1
male.n.02 Name "Swift" die.v.01 Patient -1 Time +1 time.n.08 YearOfCentury 1745 TPR now time.n.08 EQU -1
festival.n.02 time.n.08 EQU now free.a.03 AttributeOf -2 Time -1
female.n.02 Name "Anna Politkovskaya" time.n.08 TPR now murder.v.01 Patient -2 Time -1
NEGATION <1 person.n.01 male.n.02 call.v.03 Agent -2 Recipient -1 Time +1 time.n.08 TPR now
male.n.02 Name "Charles de Gaulle" die.v.01 Patient -1 Time +1 Time +2 time.n.08 TPR now time.n.08 YearOfCentury 1970
wine.n.01 time.n.08 TPR now excellent.a.01 AttributeOf -2 Time -1
manner.n.01 EQU ? die.v.01 Manner -1 Time +1 Patient +2 time.n.08 TPR now male.n.02 Name "Jerry Garcia"
male.n.02 Name "John" time.n.08 EQU now more.r.01 Theme -2 Co-Theme +2 clever.a.02 AttributeOf -3 Time -2 Degree -1 male.n.02 Name "Bill"
male.n.02 Name "Nixon" bear.v.02 Patient -1 Time +1 Location +2 time.n.08 TPR now state.n.01 Name "California"
male.n.02 Name "John" live.v.01 Theme -1 Time +1 Location +2 time.n.08 EQU now city.n.01 Name "New York"
state.n.03 Name "Russia" fear.v.02 Experiencer -1 Time +1 Stimulus +2 time.n.08 EQU now system.n.02
time.n.08 EQU now entity.n.01 relevant.a.01 Time -2 AttributeOf -1
NEGATION <1 person.n.01 NEGATION <1 pay.v.01 Agent -1 Time +1 time.n.08 TPR now
entity.n.01 continue.v.01 Theme -1 Time +1 time.n.08 TSU now
location.n.01 Name ? time.n.08 TPR now imprison.v.01 Location -2 Time -1 Patient +1 male.n.02 Name "Nelson Mandela"
person.n.01 POSSIBILITY <1 assume.v.01 Agent -1 Theme +1 entity.n.01
person.n.01 EQU speaker NEGATION <1 hamburger.n.01 NEGATION <1 love.v.01 Experiencer -2 Stimulus -1 Time +1 time.n.08 EQU now
entity.n.01 be.v.02 Theme -1 Time +1 Co-Theme +2 time.n.08 EQU now note.n.01 Creator +1 male.n.02 Name "Tom"
man.n.01 be.v.02 Theme -1 Time +1 Co-Theme +2 time.n.08 EQU now male.n.02 Name "Pedro"
person.n.01 EQU hearer NEGATION <1 provoke.v.02 Stimulus -1 Experiencer +1 wasp.n.02
company.n.01 Name "General Motors" lay_off.v.02 Agent -1 Time +1 Theme +3 time.n.08 TPR now quantity.n.01 EQU 76000 person.n.01 Quantity -1 Role +1 worker.n.01
person.n.01 Sub speaker lose.v.02 Agent -1 Time +1 Extent +2 time.n.08 TPR now score.n.03 Value 3-0
female.n.02 Name "Taninna" time.n.08 EQU now pale.v.01 Experiencer -2 Time -1
person.n.01 EQU hearer person.n.01 Role +1 parent.n.01 Of -2 person.n.01 EQU speaker adore.v.01 Experiencer -3 Stimulus -1 Time +1 time.n.08 TPR now
manner.n.01 EQU ? die.v.01 Manner -1 Time +1 Patient +2 time.n.08 TPR now female.n.02 Name "Virginia Woolf"
person.n.01 Name ? write.v.01 Agent -1 Time +1 Result +2 time.n.08 TPR now book.n.01 Name "fiddler on the roof"
person.n.01 EQU speaker want.v.01 Pivot -1 Time +1 Theme +2 time.n.08 EQU now see.v.01 Experiencer -3 Stimulus +1 entity.n.01
person.n.01 Name ? do.v.02 Agent -1 Time +1 Theme +2 time.n.08 TPR now entity.n.01
male.n.02 Name "Andre Agassi" be.v.08 Theme -1 Time +1 Co-Theme +3 time.n.08 EQU now time.n.08 TPR now person.n.01 Role +1 tennis_player.n.01 Time -2
NEGATION <1 person.n.01 NEGATION <1 love.v.01 Experiencer -1 Time +1 Stimulus +2 time.n.08 EQU now male.n.02 Name "Tom"
male.n.02 Name "Tom" NEGATION <1 go.v.03 Theme -1 Time +1 time.n.08 TSU now
pass.v.04 Time +1 Duration +3 time.n.08 TPR now quantity.n.01 EQU 0.5 hour.n.01 Quantity -1
male.n.02 Name "Gianni Versace" be.v.08 Theme -1 Time +1 Co-Theme +2 time.n.08 EQU now person.n.01 Role +1 designer.n.05
male.n.02 adore.v.01 Experiencer -1 Time +1 Stimulus +2 time.n.08 EQU now movie.n.01
female.n.02 Name "Elaine" be.v.03 Theme -1 Time +1 Location +2 time.n.08 EQU now hospital.n.01
company.n.01 Name "FermiLab" create.v.06 Agent -1 Time +1 Result +2 time.n.08 TPR now software.n.01 Name "Linux LTS"
person.n.01 Sub speaker survive.v.01 Theme -1 Time +1 time.n.08 TPR now
location.n.01 Name ? time.n.08 TPR now bury.v.02 Location -2 Time -1 Theme +2 president.n.03 male.n.02 Name "Lincoln" Title -1
male.n.02 be.v.08 Theme -1 Time +1 Co-Theme +2 time.n.08 EQU now person.n.01 Role +1 teacher.n.01
time.n.08 YearOfCentury 1497 male.n.02 Name "John Cabot" explore.v.01 Time -2 Agent -1 Time +1 Location +2 time.n.08 TPR now country.n.02 Name "Canada"
company.n.01 Name "BSN" buy.v.01 Agent -1 Time +1 Theme +2 time.n.08 TPR now company.n.01 Name "RJR Nabisco"
time.n.08 EQU now person.n.01 Sub hearer realistic.a.01 Time -2 AttributeOf -1
male.n.02 Name "Sam" be.v.08 Theme -1 Time +1 Co-Theme +2 time.n.08 EQU now person.n.01 Role +1 philosopher.n.01
location.n.01 Name ? time.n.08 TPR now establish.v.01 Location -2 Time -1 Theme +1 organization.n.01 Name "Greenpeace"
female.n.02 Name "Sekkura" be.v.08 Theme -1 Time +1 Co-Theme +2 time.n.08 EQU now person.n.01 Role +1 chef.n.01 qualified.a.01 AttributeOf -1
person.n.01 EQU ? be.v.08 Co-Theme -1 Time +1 Theme +2 time.n.08 EQU now male.n.02 Name "Aaron Copland"
person.n.01 Name ? drive.v.01 Agent -1 Time +1 time.n.08 TSU now
male.n.02 Name "Oscar Chisini" die.v.01 Patient -1 Time +1 Time +2 time.n.08 TPR now time.n.08 YearOfCentury 1967
person.n.01 EQU speaker person.n.01 Role +1 mother.n.01 Of -2 time.n.08 EQU now beautiful.a.01 AttributeOf -3 Time -1
male.n.02 Name "Yamamoto" have.v.01 Pivot -1 Time +1 Theme +2 time.n.08 TPR now ship.n.01 Quantity 162
person.n.01 time.n.08 TPR now satisfied.a.01 AttributeOf -2 Time -1
male.n.02 Name "Alexandre Berthier" die.v.01 Patient -1 Time +1 Time +2 time.n.08 TPR now time.n.08 YearOfCentury 1799
person.n.01 Name ? be.v.02 Theme -1 Time +1 Co-Theme +2 time.n.08 EQU now person.n.01 Role +1 president.n.03 Of +1 state.n.03 Name "Stati Uniti"
person.n.01 Quantity ? Role +1 inhabitant.n.01 have.v.02 Theme -2 Time +1 Pivot +2 time.n.08 EQU now state.n.01 Name "Uttar Pradesh"
classical_music.n.01 person.n.01 EQU speaker soothe.v.01 Stimulus -2 Experiencer -1 Time +1 time.n.08 EQU now
male.n.02 Name "Stephen Hawking" be.v.08 Theme -1 Time +1 Co-Theme +2 time.n.08 EQU now person.n.01 Role +1 physicist.n.01
NEGATION <1 person.n.01 NEGATION <1 time.n.08 TSU now hungry.a.01 Experiencer -2 Time -1
car.n.01 time.n.08 TPR now steal.v.01 Theme -2 Time -1
NEGATION <1 person.n.01 NEGATION <1 time.n.08 ClockTime 00:00 enter.v.01 Theme -2 Time -1 Time +1 time.n.08 TPR now
person.n.01 entity.n.01 know.v.01 Experiencer -2 Stimulus -1 Time +1 time.n.08 EQU now
university.n.03 Name "Harvard" time.n.08 TPR now found.v.01 Theme -2 Time -1 Time +1 time.n.08 YearOfCentury 1636
NEGATION <1 bee.n.01 NEGATION <1 buzz.v.01 Agent -1
person.n.01 Source +1 country.n.02 Name "ireland" reply.v.01 Agent -2 Time +1 time.n.08 EQU now
book.n.01 Name "Reinventing Comics" be.v.01 Theme -1 Time +1 Co-Theme +2 time.n.08 EQU now book.n.01 Creator +1 male.n.02 Name "Scott McCloud"
person.n.01 EQU ? be.v.08 Co-Theme -1 Time +1 Theme +2 time.n.08 EQU now male.n.02 Name "Al Sharpton"
person.n.01 Name ? paint.v.01 Agent -1 Time +1 Result +2 time.n.08 TPR now painting.n.01 Name "Girasoli"
female.n.02 Name "Emily" person.n.01 EQU speaker surprise.v.01 Stimulus -2 Experiencer -1 Time +1 time.n.08 TSU now
male.n.02 time.n.08 TPR now surprised.a.01 Experiencer -2 Time -1
film.n.01 begin.v.06 Theme -1 Time +1 Time +2 time.n.08 TPR now time.n.08 ClockTime 14:00
female.n.02 male.n.02 whisper.v.01 Agent -2 Recipient -1 Time +1 Topic +2 time.n.08 TPR now entity.n.01
entity.n.01 EQU ? invent.v.01 Result -1 Time +1 Agent +2 time.n.08 TPR now male.n.02 Name "Alfred Nobel"
person.n.01 scream.v.01 Agent -1 Time +1 time.n.08 TPR now
entity.n.01 be.v.02 Theme -1 Time +1 Co-Theme +2 time.n.08 EQU now bag.n.01 User +1 male.n.02 Name "Tom"
team.n.01 Name "Manchester United" defeat.v.01 Agent -1 Time +1 Co-Agent +2 time.n.08 TPR now team.n.01 Name "Fulham"
instrument.n.06 EQU ? play.v.07 Theme -1 Time +1 Agent +3 time.n.08 TPR now jazz_musician.n.01 male.n.02 Name "Art Tatum" Role -1
NEGATION <1 person.n.01 lie.v.05 Agent -1 Time +1 time.n.08 TPR now
cut.n.05 look.v.02 Theme -1 Time +1 Attribute +2 time.n.08 EQU now infected.a.01 AttributeOf -3
person.n.01 Name ? be.v.02 Theme -1 Time +1 Co-Theme +2 time.n.08 EQU now person.n.01 Role +1 terrorist.n.01 international.a.01 AttributeOf -2 most.r.01 famous.a.01 AttributeOf -4 Degree -1
manner.n.01 EQU ? die.v.01 Manner -1 Time +1 Patient +2 time.n.08 TPR now male.n.02 Name "Charles Bukowski"
area.n.01 time.n.08 EQU now extremely.r.02 isolated.a.06 AttributeOf -3 Time -2 Degree -1
person.n.01 EQU ? be.v.08 Co-Theme -1 Time +1 Theme +2 time.n.08 EQU now male.n.02 Name "Niels Bohr"
female.n.02 Name "Mary" slap.v.01 Agent -1 Time +1 Patient +2 time.n.08 TPR now male.n.02 Name "Tom"
manner.n.01 EQU ? die.v.01 Manner -1 Time +1 Patient +2 time.n.08 TPR now male.n.02 Name "harry chapin"
male.n.02 Name "Tom" yell.v.01 Agent -1 Time +1 time.n.08 TPR now
time.n.08 EQU now female.n.02 rather.r.02 pretty.a.01 Time -3 AttributeOf -2 Degree -1
problem.n.02 puzzle.v.01 Stimulus -1 Time +1 Experiencer +2 time.n.08 TPR now public.n.01
landing.n.03 time.n.08 TPR now perfect.a.01 AttributeOf -2 Time -1
male.n.02 Name "Arnold Schwarzenegger" bear.v.02 Patient -1 Time +1 Location +2 time.n.08 TPR now country.n.02 Name "Austria"
person.n.01 EQU speaker order.v.02 Agent -1 Time +1 Theme +3 time.n.08 TPR now quantity.n.01 EQU 2 hamburger.n.01 Quantity -1
manner.n.01 EQU ? die.v.01 Manner -1 Time +1 Patient +2 time.n.08 TPR now female.n.02 Name "Anna Frank"
time.n.08 EQU now person.n.01 EQU speaker qualified.a.01 Time -2 AttributeOf -1
male.n.02 Name "Martin Luther King" time.n.08 TPR now murder.v.01 Patient -2 Time -1 Time +1 time.n.08 YearOfCentury 1968
female.n.02 Name "Betty" kill.v.01 Agent -1 Time +1 Patient +3 time.n.08 TPR now female.n.02 ANA -3 person.n.01 Role +1 mother.n.01 Of -2
person.n.01 EQU speaker person.n.01 Role +1 boss.n.01 Of -2 time.n.08 EQU now so.r.01 stupid.a.01 AttributeOf -4 Time -2 Degree -1
bird.n.01 fly.v.01 Theme -1 Time +1 time.n.08 EQU now
male.n.02 Name "Tom" arrive.v.01 Theme -1 Time +1 Time +2 time.n.08 TPR now time.n.08 ClockTime 14:30
city.n.01 Name "Bergen" be.v.01 Theme -1 Time +1 Co-Theme +2 time.n.08 EQU now town.n.01 PartOf +1 country.n.02 Name "norway"
female.n.02 nail.n.01 PartOf -1 time.n.08 EQU now red.a.01 ColourOf -2 Time -1
mr.n.01 male.n.02 Name "White" Title -1 arrive.v.01 Theme -1 Time +1 Destination +2 Time +3 time.n.08 TSU now city.n.01 Name "Tokyo" time.n.08 ClockTime 10:30
NEGATION <1 person.n.01 person.n.01 EQU speaker understand.v.01 Experiencer -2 Stimulus -1 Time +1 time.n.08 TPR now
team.n.01 Name ? draft.v.02 Agent -1 Time +1 Theme +2 time.n.08 TPR now male.n.02 Name "Brett Favre"
state.a.01 Time +1 EQU ? time.n.08 EQU now island.n.01 Name "Lanzarote" Attribute -2
male.n.02 Name "Wolfgang Amadeus Mozart" bear.v.02 Patient -1 Time +1 Location +2 time.n.08 TPR now city.n.01 Name "Salisburgo"
person.n.01 EQU ? be.v.08 Co-Theme -1 Time +1 Theme +2 time.n.08 EQU now male.n.02 Name "Andrew Carnegie"
