de gold running...
46 duplicates cluster have been found:
['p26/d3043', 'p15/d1417']
['p37/d1859', 'p06/d3103']
['p06/d1504', 'p80/d3358']
['p10/d2917', 'p35/d0856']
['p02/d2123', 'p88/d3522']
['p05/d0804', 'p36/d0796']
['p05/d1639', 'p22/d2640']
['p81/d2796', 'p07/d0928']
['p35/d2887', 'p80/d2522']
['p09/d0933', 'p14/d0953']
['p84/d2746', 'p92/d0820']
['p84/d2551', 'p15/d0826']
['p83/d0716', 'p46/d0765']
['p63/d0764', 'p14/d0716', 'p61/d0764']
['p30/d1671', 'p07/d2527']
['p53/d0857', 'p69/d0867']
['p82/d2011', 'p70/d2506']
['p78/d1511', 'p51/d0887', 'p03/d2977']
['p19/d2761', 'p50/d1582']
['p19/d0922', 'p50/d3377']
['p01/d2144', 'p45/d1839']
['p90/d1840', 'p20/d1565']
['p58/d2213', 'p86/d2287']
['p21/d2484', 'p77/d0856']
['p21/d1454', 'p39/d3422']
['p45/d3299', 'p49/d1813']
['p77/d0715', 'p34/d0764', 'p33/d0764']
['p77/d2155', 'p12/d0922']
['p48/d1958', 'p67/d2995']
['p48/d0891', 'p99/d0840']
['p48/d1433', 'p07/d3039']
['p86/d3482', 'p66/d0913']
['p17/d0897', 'p49/d0896']
['p50/d0765', 'p49/d0765']
['p64/d0822', 'p57/d0822']
['p61/d2802', 'p95/d1869']
['p00/d0849', 'p76/d0920']
['p00/d2523', 'p34/d2317']
['p13/d1880', 'p03/d2002']
['p16/d2648', 'p40/d3101']
['p47/d1751', 'p36/d2547']
['p54/d2453', 'p56/d0912']
['p91/d1766', 'p32/d2221']
['p55/d2100', 'p20/d1938']
['p36/d3265', 'p70/d0925']
['p71/d3364', 'p94/d3297']
de gold total number of instances: 3006
de gold number of train, dev, test: 2406 300 300
language: de    data_type: gold    train length: 2406 

language: de    data_type: gold    dev length: 300 

language: de    data_type: gold    test length: 300 

Generate distribution...
Generate distribution...
Generate distribution...
de silver running...
54 duplicates cluster have been found:
['p06/d2626', 'p63/d2071']
['p06/d1811', 'p89/d3140', 'p35/d1460']
['p10/d3182', 'p10/d1682']
['p10/d2928', 'p00/d3288']
['p10/d0716', 'p09/d0716', 'p90/d0763']
['p10/d2747', 'p00/d2122']
['p10/d0775', 'p00/d3364']
['p10/d2368', 'p49/d1470']
['p10/d3542', 'p13/d2993', 'p73/d3409']
['p10/d1804', 'p40/d2679']
['p02/d2081', 'p35/d2922', 'p85/d2155']
['p02/d0716', 'p53/d0764', 'p04/d0716', 'p55/d0764', 'p03/d0716']
['p62/d2062', 'p80/d3357']
['p93/d1620', 'p47/d0789', 'p12/d2085']
['p05/d3110', 'p16/d3081']
['p05/d0846', 'p17/d2325']
['p81/d2437', 'p67/d2442']
['p81/d1844', 'p56/d2747']
['p35/d1580', 'p24/d3036']
['p09/d3380', 'p49/d2970']
['p63/d2934', 'p33/d3224']
['p63/d3366', 'p00/d2436']
['p63/d2233', 'p56/d2932']
['p30/d0763', 'p57/d0762']
['p53/d3134', 'p38/d1998']
['p18/d1452', 'p49/d2081']
['p72/d0763', 'p11/d0763']
['p85/d0913', 'p74/d2005', 'p76/d2855']
['p19/d2448', 'p21/d2488']
['p01/d0720', 'p00/d0720']
['p01/d0764', 'p03/d0765']
['p58/d2275', 'p66/d2003']
['p58/d0715', 'p60/d0715']
['p21/d1946', 'p04/d3018']
['p38/d0703', 'p39/d0703']
['p48/d0940', 'p47/d0852']
['p48/d0720', 'p56/d0719']
['p48/d0764', 'p00/d0716']
['p86/d3403', 'p54/d1988']
['p17/d2282', 'p15/d2677', 'p20/d3534']
['p17/d0766', 'p24/d0766']
['p14/d2379', 'p43/d2706']
['p15/d1940', 'p42/d1603']
['p87/d2450', 'p29/d2523']
['p50/d3042', 'p64/d3149', 'p00/d1570']
['p41/d1597', 'p36/d3346']
['p41/d0720', 'p42/d0720']
['p00/d1565', 'p13/d0913']
['p67/d2237', 'p92/d2173']
['p47/d2959', 'p46/d2418']
['p75/d1669', 'p36/d2573']
['p55/d0719', 'p57/d0719']
['p32/d2067', 'p11/d3128']
['p65/d3121', 'p56/d0877']
de silver total number of instances: 6862
language: de    data_type: silver    train length: 6862 

Generate distribution...
