vehicle.n.01 Name "Macdonough" leave.v.01 Theme -1 Time +1 Source +2 Time +4 time.n.08 TPR now island.n.01 Name "Hawaii" time.n.08 DayOfMonth 10 EQU +1 time.n.08 MonthOfYear 8
location.n.01 EQU ? be.v.03 Location -1 Time +1 Theme +2 time.n.08 EQU now parking_meter.n.01
person.n.01 EQU speaker tie.n.01 User -1 time.n.08 EQU now orange.a.01 ColourOf -2 Time -1
island.n.01 Name "Sumatra" be.v.01 Theme -1 Time +1 Co-Theme +2 time.n.08 EQU now island.n.01
NEGATION <1 dolphin.n.02 NEGATION <1 be.v.02 Theme -1 Time +1 Co-Theme +2 time.n.08 EQU now mammal.n.01
state.n.03 Name "Roemenië" send.v.01 Agent -1 Time +1 Theme +3 Destination +4 time.n.08 TPR now quantity.n.01 EQU 730 troop.n.05 Quantity -1 country.n.02 Name "Irak"
person.n.01 Name ? direct.v.03 Agent -1 Time +1 Theme +2 time.n.08 TPR now movie.n.01 Name "North by Northwest"
male.n.02 Name "orenthal james simpson" time.n.08 TPR now accuse.v.01 Theme -2 Time -1 Attribute +1 murder.n.01
female.n.02 Name "Mary" wear.v.01 Agent -1 Time +1 Theme +3 time.n.08 EQU now plastic.n.01 dress.n.01 MadeOf -1
male.n.02 Name "Bob" time.n.08 EQU now popular.a.01 Stimulus -2 Time -1 Context +1 school.n.06
child.n.02 Quantity ? have.v.01 Theme -1 Time +1 Pivot +2 time.n.08 EQU now male.n.02 Name "Anthony Quinn"
male.n.02 Name "Guus Hiddink" time.n.08 EQU now be.v.03 Theme -2 Time -1 Source +1 country.n.02 Name "netherlands"
entity.n.01 snow.v.01 EQU -1 Time +1 time.n.08 EQU now
POSSIBILITY <1 person.n.01 EQU speaker restroom.n.01 go.v.01 Theme -2 Destination -1
time.n.08 EQU now person.n.01 EQU hearer entity.n.01 allergic.a.02 Time -3 Experiencer -2 Stimulus -1
reason.n.01 EQU ? go.v.01 Causer -1 Time +1 Theme +2 Destination +3 time.n.08 TPR now female.n.02 Name "Jane" station.n.01
male.n.02 Name "Swift" die.v.01 Patient -1 Time +1 Time +2 time.n.08 TPR now time.n.08 YearOfCentury 1745
mountain.n.01 Name "Kanchenjunga" time.n.08 EQU now quantity.n.01 EQU 8586 meter.n.01 Quantity -1 high.a.02 Theme -4 Time -3 Value -1
male.n.02 Name "Tom" nod.v.02 Agent -1 Time +1 time.n.08 TPR now
person.n.01 EQU hearer man.v.01 Agent -1 Theme +1 harpoon.n.01
person.n.01 Name ? book.n.02 User -1 be.v.02 Co-Theme -1 Time +1 Theme +2 time.n.08 EQU now entity.n.01
city.n.01 Name "Pretoria" lie.v.01 Theme -1 Time +1 Location +2 time.n.08 EQU now country.n.02 Name "Ivoorkust"
location.n.01 Name ? be.v.03 Location -1 Time +1 Theme +2 time.n.08 EQU now state.n.01 Name "Chiapas"
female.n.02 visit.v.02 Agent -1 Time +1 Time +2 Theme +3 time.n.08 EQU now time.n.08 EQU now city.n.01 Name "Parijs"
person.n.01 Name ? write.v.01 Agent -1 Time +1 Result +2 time.n.08 TPR now book.n.01 Name "Goelag Archipel"
male.n.02 Name "Alexander" NEGATION <1 time.n.08 EQU now young.a.01 AttributeOf -2 Time -1 Degree +1 more.r.01 Theme -3 Co-Theme +1 male.n.02 Name "Vladimir"
male.n.02 Name "Tom" think.v.01 Proposition >1 Agent -1 Time +1 time.n.08 EQU now CONTINUATION <0 person.n.01 EQU speaker jealous.a.01 Experiencer -1 Time +1 time.n.08 EQU now
person.n.01 entity.n.01 hear.v.01 Experiencer -2 Stimulus -1 Time +1 time.n.08 TPR now
male.n.02 time.n.08 TPR now quantity.n.01 EQU 10000 dollar.n.01 Quantity -1 pay.v.01 Recipient -4 Time -3 Asset -1
location.n.01 EQU ? be.v.03 Location -1 Time +1 Theme +2 time.n.08 EQU now restroom.n.01
time.n.08 EQU now entity.n.01 big.a.01 Time -2 Value + AttributeOf -1
location.n.01 Name ? die.v.01 Location -1 Time +1 Patient +2 time.n.08 TPR now male.n.02 Name "Irving Mitchell"
female.n.02 time.n.08 EQU now hooked.a.02 Experiencer -2 Time -1 Stimulus +1 software.n.01 Name "Farmville"
person.n.01 EQU speaker like.v.02 Experiencer -1 Time +1 Stimulus +2 time.n.08 EQU now chocolate_ice_cream.n.01
NEGATION <1 person.n.01 time.n.08 EQU now perfect.a.01 AttributeOf -2 Time -1
company.n.01 Name "Parmalat" cost.v.01 Theme -1 Time +1 Value +3 time.n.08 EQU now quantity.n.01 EQU 14300000000 euro.n.01 Quantity -1
book.n.01 Name "Sophie's World" be.v.01 Theme -1 Time +1 Co-Theme +2 time.n.08 EQU now best_seller.n.01
prize.n.01 Name ? male.n.02 Name "Weinberg" male.n.02 Name "Salam" entity.n.01 Sub -2 Sub -1 Sub +1 male.n.02 Name "Glashow" win.v.01 Theme -5 Agent -2 Time +1 time.n.08 TPR now
music.n.01 time.n.08 EQU now popular.a.01 Stimulus -2 Time -1 Experiencer +2 young.a.01 Value + person.n.01 Attribute -1
male.n.02 Name "Tom" change.v.05 Agent -1 Time +1 Patient +2 time.n.08 TPR now male.n.02 ANA -3
female.n.02 time.n.08 EQU now kind.a.01 AttributeOf -2 Time -1
person.n.01 Name ? paint.v.01 Agent -1 Time +1 Result +2 time.n.08 TPR now painting.n.01 Name "De Schreeuw"
time.n.08 EQU now person.n.01 EQU speaker explanation.n.01 Creator -1 clear.a.01 Time -3 AttributeOf -1
person.n.01 EQU speaker like.v.03 Experiencer -1 Time +1 Stimulus +2 time.n.08 EQU now chocolate_ice_cream.n.01
time.n.08 EQU now person.n.01 EQU hearer angry.a.01 Time -2 Experiencer -1 Stimulus +1 male.n.02 Name "Tom"
school.n.01 time.n.08 TPR now found.v.01 Theme -2 Time -1 Time +1 time.n.08 YearOfCentury 1650
male.n.02 Name "Charles de Gaulle" die.v.01 Patient -1 Time +1 Time +2 time.n.08 TPR now time.n.08 YearOfCentury 1970
speak.v.03 Time +1 Agent +2 Location +3 Theme +4 time.n.08 EQU now person.n.01 country.n.02 Name "Canada" english.n.01
company.n.01 Name "FermiLab" create.v.06 Agent -1 Time +1 Result +2 time.n.08 TPR now software.n.01 Name "Linux LTS"
flower.n.01 Quantity ? buy.v.01 Theme -1 Time +1 Agent +2 time.n.08 EQU now person.n.01 EQU hearer
time.n.08 EQU now person.n.01 EQU hearer money.n.01 need.v.02 Time -3 Pivot -2 Theme -1
female.n.02 Name "Maria" understand.v.03 Experiencer -1 Time +1 Stimulus +2 time.n.08 EQU now chinese.n.01
male.n.02 Name "Raman Raghav" work.v.02 Agent -1 Time +1 Attribute +2 time.n.08 EQU now police_officer.n.01
male.n.02 NEGATION <1 country.n.02 Name "Amerika" be.v.03 Theme -2 Location -1 Time +1 time.n.08 TPR now
person.n.01 Name ? radium.n.01 discover.v.01 Agent -2 Theme -1 Time +1 time.n.08 TPR now
POSSIBILITY <1 person.n.01 EQU hearer ice_skate.v.01 Theme -1
male.n.02 Name "Tom" time.n.08 EQU now self-centered.a.01 AttributeOf -2 Time -1
time.n.08 TIN +2 day.n.03 TCT now TAB +1 day.n.03 go.v.01 Time -3 Time +1 Theme +2 Destination +3 time.n.08 TSU now person.n.01 EQU speaker city.n.01 Name "Parijs"
city.n.01 Name "Tokyo" time.n.08 EQU now big.a.01 AttributeOf -2 Time -1 Degree +1 more.r.01 Theme -3 Co-Theme +1 city.n.01 Name "Rome"
location.n.01 EQU ? be.v.03 Location -1 Time +1 Theme +2 time.n.08 EQU now newspaper.n.01
ship.n.01 sink.v.04 Patient -1 Time +1 time.n.08 EQU now
male.n.02 Name "Ibrahim Sofu" time.n.08 TPR now murder.v.01 Patient -2 Time -1 Agent +1 male.n.02 Name "Metin Kaplan"
person.n.01 Sub speaker school.n.01 User -1 time.n.08 EQU now quantity.n.01 EQU 80 year.n.01 Quantity -1 old.a.02 Theme -4 Time -3 Value -1
POSSIBILITY <1 male.n.02 Name "Tom" female.n.02 Name "Mary" kiss.v.01 Agent -2 Co-Agent -1 Time +1 time.n.08 TPR now
NEGATION <1 time.n.08 NEGATION <1 female.n.02 smile.v.01 Agent -1 Time +1 time.n.08 EQU now
company.n.01 Name "BSN" buy.v.01 Agent -1 Time +1 Theme +2 time.n.08 TPR now company.n.01 Name "RJR Nabisco"
female.n.02 Name "Sandra Goudie" time.n.08 TPR now defeat.v.01 Co-Agent -2 Time -1 Agent +1 male.n.02 Name "Max Purnell"
number.n.02 EQU 4 times.n.02 Theme -1 Co-Theme +1 number.n.02 EQU 5 be.v.06 Theme -2 Co-Theme +1 number.n.02 EQU 20
tall.a.01 Value ? Time +1 AttributeOf +2 time.n.08 EQU now mountain.n.01 Name "Matterhorn"
NEGATION <1 person.n.01 NEGATION <1 applaud.v.01 Agent -1 Time +1 time.n.08 TPR now
time.n.08 EQU now person.n.01 EQU hearer married.a.01 Time -2 AttributeOf -1
male.n.02 Name "Alexandre Berthier" die.v.01 Patient -1 Time +1 Time +2 time.n.08 TPR now time.n.08 YearOfCentury 1799
location.n.01 EQU ? be.v.03 Location -1 Time +1 Theme +2 time.n.08 EQU now parking_meter.n.01
entity.n.01 EQU ? be.v.02 Theme -1 Time +1 Co-Theme +3 time.n.08 EQU now person.n.01 EQU hearer maiden_name.n.01 Bearer -1
person.n.01 Quantity ? Role +1 inhabitant.n.01 have.v.01 Theme -2 Time +1 Pivot +2 time.n.08 EQU now country.n.02 Name "Tsjetsjenië"
wine.n.01 time.n.08 TPR now excellent.a.01 AttributeOf -2 Time -1
NEGATION <1 person.n.01 understand.v.01 Experiencer -1 Time +1 Stimulus +2 time.n.08 EQU now person.n.01 EQU speaker
person.n.01 Sub speaker have.v.01 Pivot -1 Time +1 Theme +3 time.n.08 EQU now quantity.n.01 EQU 3 person.n.01 Quantity -1 Role +1 daughter.n.01
male.n.02 Name "Bill" NEGATION <1 time.n.08 EQU now as.r.01 Theme -2 Co-Theme +2 tall.a.01 AttributeOf -3 Time -2 Degree -1 male.n.02 Name "Bob"
person.n.01 EQU speaker have.v.04 Pivot -1 Time +1 Theme +2 time.n.08 EQU now book.n.02 Quantity -
company.n.01 Name ? time.n.08 EQU now male.n.02 Name "Nicholas Brady" found.v.01 Theme -3 Time -2 Agent -1
time.n.08 TSU now person.n.01 EQU speaker person.n.01 EQU hearer coat.n.01 User -1 carry.v.01 Time -4 Agent -3 Theme -1
person.n.01 Name ? tree.n.01 plant.v.01 Agent -2 Theme -1 Time +1 time.n.08 TPR now
male.n.02 Name "El-Nashar" time.n.08 TPR now arrest.v.01 Patient -2 Time -1 Location +1 country.n.02 Name "Egypte"
person.n.01 EQU speaker telephone_number.n.01 write_down.v.01 Agent -2 Theme -1 Time +1 time.n.08 TPR now
person.n.01 EQU speaker live.v.01 Theme -1 Time +1 Location +2 time.n.08 EQU now location.n.01 APX +1 dike.n.02
headphone.n.01 NEGATION <1 work.v.04 Theme -1 Time +1 time.n.08 EQU now
location.n.01 Name ? be.v.03 Location -1 Time +1 Theme +2 time.n.08 EQU now city.n.01 Name "Basra"
company.n.01 Name "Cisco" time.n.08 TPR now acquire.v.01 Theme -2 Time -1 Agent +1 company.n.01 Name "Infogear Technology Corp"
partition.n.01 separate.v.01 Instrument -1 Time +1 Theme +3 time.n.08 EQU now quantity.n.01 EQU 2 room.n.01 Quantity -1
squirrel.n.01 jump.v.01 Theme -1 Time +1 Destination +2 Source +3 time.n.08 TPR now branch.n.02 branch.n.02
park.n.01 Name "Everglades" time.n.08 EQU now quantity.n.01 EQU 75 kilometer.n.01 Quantity -1 wide.a.01 Theme -4 Time -3 Value -1
person.n.01 EQU speaker arrive.v.01 Theme -1 Time +1 Time +3 time.n.08 TSU now time.n.08 DayOfMonth 23 EQU +1 time.n.08 MonthOfYear 5
location.n.01 EQU ? be.v.03 Location -1 Time +1 Theme +2 time.n.08 EQU now bus_stop.n.01
female.n.02 Name "Mayuko" enter.v.01 Theme -1 Time +1 Destination +2 time.n.08 TPR now room.n.01
entity.n.01 Name ? stand_for.v.02 Co-Theme -1 Time +1 Theme +2 time.n.08 EQU now abbreviation.n.01 EQU +1 word.n.01 EQU "ETA"
lightbulb.n.01 emit.v.02 Source -1 Time +1 Theme +2 time.n.08 EQU now heat.n.01
person.n.01 person.n.01 EQU hearer fire.v.04 Agent -2 Theme -1 Time +1 time.n.08 TPR now
time.n.08 EQU now person.n.01 EQU speaker transparent.a.04 Time -2 AttributeOf -1
female.n.02 Name "Mary" slap.v.01 Agent -1 Time +1 Patient +2 time.n.08 TPR now male.n.02 Name "Tom"
fast_food.n.01 time.n.08 EQU now very.r.01 popular.a.01 AttributeOf -3 Time -2 Degree -1 Location +1 country.n.02 Name "Japan"
have.v.04 Time +1 Pivot +2 Theme +3 time.n.08 EQU now person.n.01 EQU hearer credit_card.n.01
time.n.08 EQU now wasp.n.02 poisonous.a.01 Time -2 AttributeOf -1
male.n.02 Name "Tom" write.v.07 Agent -1 Time +1 Theme +3 Destination +4 time.n.08 TPR now male.n.02 ANA -3 name.n.01 Bearer -1 blackboard.n.01
company.n.01 Name "Wehkamp" time.n.08 TPR now base.a.02 Theme -2 Time -1 Location +1 country.n.02 Name "Verenigd Koninkrijk"
female.n.02 Name "Anna Politkovskaja" time.n.08 TPR now murder.v.01 Patient -2 Time -1
male.n.02 Name "Belknap" time.n.08 TPR now married.a.01 AttributeOf -2 Time -1 Theme +1 female.n.02 Name "Carrie Tomlinson"
location.n.01 Name ? work.v.02 Location -1 Time +1 Agent +2 time.n.08 EQU now male.n.02 Name "Raymond Pettibon"
entity.n.01 EQU ? be.v.02 Theme -1 Time +1 Co-Theme +3 time.n.08 EQU now person.n.01 EQU hearer last_name.n.01 Bearer -1
actinium.n.01 vaporize.v.03 Patient -1 Time +1 Value +3 time.n.08 EQU now quantity.n.01 EQU 3198 degree_celsius.n.01 Quantity -1
entity.n.01 EQU ? be.v.06 Co-Theme -1 Time +1 Theme +2 time.n.08 EQU now exchange_rate.n.01
person.n.01 EQU speaker baby.n.01 Creator -1 have.v.16 Experiencer -1 Time +1 Stimulus +3 time.n.08 EQU now hereditary.a.01 AttributeOf +1 disease.n.01
male.n.02 Name "Accardo" compose.v.02 Agent -1 Time +1 Result +3 time.n.08 TPR now quantity.n.01 EQU 24 capriccio.n.01 Quantity -1
female.n.02 Name "Mary" massage.v.01 Agent -1 Time +1 Experiencer +3 time.n.08 TPR now person.n.01 EQU speaker shoulder.n.01 PartOf -1
NEGATION <1 person.n.01 NEQ +1 male.n.02 Name "Tom" NEGATION <1 smile.v.01 Agent -2 Time +1 time.n.08 TPR now
association.n.01 Name ? lead.v.07 Theme -1 Time +1 Agent +2 time.n.08 EQU now female.n.02 Name "Hope Holcomb"
male.n.02 Name "Molière" time.n.08 TPR now bear.v.02 Patient -2 Time -1 Time +1 time.n.08 YearOfCentury 1622
president.n.03 male.n.02 Name "Fujimori" Title -1 time.n.08 TPR now reelect.v.01 Theme -2 Time -1 Time +1 time.n.08 YearOfCentury 1995
person.n.01 EQU speaker be.v.01 Theme -1 Time +1 Co-Theme +2 time.n.08 EQU now person.n.01 Role +1 foreigner.n.01
person.n.01 EQU speaker time.n.08 EQU now broke.a.01 AttributeOf -2 Time -1
president.n.03 male.n.02 Name "Fujimori" Title -1 time.n.08 TPR now reelect.v.01 Theme -2 Time -1 Time +1 time.n.08 YearOfCentury 1995
male.n.02 time.n.08 EQU now addicted.a.01 Experiencer -2 Time -1
landing.n.04 Location +1 region.n.03 Name "Normandië" take_place.v.01 Theme -2 Time +1 EQU +2 Time +3 time.n.08 TPR now entity.n.01 time.n.08 MonthOfYear 6 EQU +1 time.n.08 YearOfCentury 1944
location.n.01 EQU ? be.v.03 Location -1 Time +1 Theme +2 time.n.08 EQU now person.n.01 EQU hearer
mr.n.01 male.n.02 Name "Smith" Title -1 come.v.02 Theme -1 Time +1 time.n.08 TPR now
queen.n.02 female.n.02 Name "Elizabeth" Title -1 pass_away.v.01 Patient -1 Time +1 Time +2 time.n.08 TPR now time.n.08 YearOfCentury 1603
entity.n.01 time.n.08 TSU now euro.n.01 Quantity +1 quantity.n.01 EQU 30 cost.v.01 Theme -4 Time -3 Value -2
exist.v.01 Time +1 EQU +2 Theme +4 time.n.08 EQU now entity.n.01 seedless.a.01 AttributeOf +1 watermelon.n.02
person.n.01 EQU speaker like.v.03 Experiencer -1 Time +1 Stimulus +2 time.n.08 EQU now male.n.02 EXPLANATION <1 male.n.02 ANA -1 honest.a.03 AttributeOf -1 Time +1 time.n.08 EQU now
time.n.08 EQU now tap_water.n.01 drinkable.a.01 Time -2 Theme -1 Location +1 country.n.02 Name "Australië"
person.n.01 Role +1 criminal.n.01 escape.v.01 Theme -2 Time +1 Source +2 time.n.08 TPR now prison.n.01
male.n.02 Name "Yukichi Fukuzawa" introduce.v.02 Agent -1 Time +1 Theme +3 Destination +4 time.n.08 TPR now western.a.01 AttributeOf +1 idea.n.01 country.n.02 Name "Japan"
team.n.01 Name "Manchester United" defeat.v.01 Agent -1 Time +1 Co-Agent +2 time.n.08 TPR now team.n.01 Name "Fulham"
guy.n.01 time.n.08 EQU now completely.r.01 nuts.a.01 AttributeOf -3 Time -2 Degree -1
person.n.01 Sub speaker hot-air_balloon.n.01 User -1 rise.v.01 Theme -1 Time +1 Destination +2 time.n.08 TPR now sky.n.01
time.n.08 EQU now restaurant.n.01 open.a.21 Time -2 AttributeOf -1
state.n.04 Name "Amerika" do_away_with.v.01 Agent -1 Time +1 Theme +2 time.n.08 TPR now slavery.n.02
company.n.01 Name "GUS" sell.v.01 Agent -1 Time +1 Theme +2 time.n.08 TPR now company.n.01 Name "Wehkamp"
team.n.01 Name "Canada" beat.v.01 Agent -1 Time +1 Co-Agent +2 time.n.08 TPR now team.n.01 Name "VS"
male.n.02 Name "Tom" grumble.v.01 Agent -1 Time +1 time.n.08 TPR now
male.n.02 Name "Leo Tolstoj" be.v.01 Theme -1 Time +1 Co-Theme +2 time.n.08 TPR now person.n.01 Role +1 vegetarian.n.01
be.v.02 Time +1 Theme +2 Co-Theme +4 time.n.08 EQU now entity.n.01 person.n.01 EQU hearer bicycle.n.01 User -1
person.n.01 Name ? be.v.02 Theme -1 Time +1 Co-Theme +2 time.n.08 EQU now person.n.01 Role +1 leader.n.01 PartOf +2 country.n.02 Name "algeria" military_unit.n.01 Name "Gewapende Islamitische Groep" Source -1
entity.n.01 Name ? be.v.02 Theme -1 Time +1 Co-Theme +2 time.n.08 TPR now film.n.01 Order 1 male.n.02 Name "John Milius" direct.v.03 Theme -2 Agent -1 Time +1 time.n.08 TPR now
person.n.01 Quantity ? Role +1 inhabitant.n.01 have.v.02 Theme -2 Time +1 Pivot +2 time.n.08 EQU now country.n.02 Name "Irak"
be.v.02 Time +1 Theme +2 Co-Theme +4 time.n.08 EQU now entity.n.01 person.n.01 EQU speaker mug.n.04 User -1
person.n.01 EQU speaker NEGATION <1 have.v.04 Pivot -1 Time +1 Theme +2 time.n.08 EQU now bicycle.n.01
female.n.02 Name "Anna Politkovskaja" time.n.08 TPR now murder.v.01 Patient -2 Time -1
company.n.01 Name "General Dynamics" lose.v.07 Agent -1 Time +1 Asset +3 time.n.08 EQU now quantity.n.01 EQU 374000000 dollar.n.01 Quantity -1
team.n.01 Name "Italië" beat.v.01 Agent -1 Time +1 Co-Agent +2 time.n.08 TPR now team.n.01 Name "Kazachstan"
NEGATION <1 person.n.01 NEGATION <1 time.n.08 ClockTime 00:00 enter.v.01 Theme -2 Time -1 Time +1 time.n.08 TPR now
