person.n.01 EQU speaker scalp.n.01 PartOf -1 itch.v.03 Patient -1 Time +1 time.n.08 EQU now
event.v.01 Participant +1 url.n.01 Name "http://www.hoechst.com/willk.htm"
male.n.02 Name "Stephen Hawking" be.v.08 Theme -1 Time +1 Co-Theme +2 time.n.08 EQU now person.n.01 Role +1 physicist.n.01
male.n.02 Name "Jesus" have.v.02 Pivot -1 Time +1 Theme +2 time.n.08 EQU now ab.n.03 MadeOf +1 steel.n.01
male.n.02 Name "Tom" play.v.01 Agent -1 Time +1 Time +2 Theme +3 time.n.08 EQU now time.n.08 EQU now miniature_golf.n.01
event.v.01 Participant +1 male.n.02 Name "Andrew Conway"
female.n.02 time.n.08 EQU now as.r.01 Theme -2 Co-Theme +2 tall.a.01 AttributeOf -3 Time -2 Degree -1 person.n.01 EQU speaker
male.n.02 rob.v.01 Agent -1 Time +1 Source +2 time.n.08 TPR now stagecoach.n.01
female.n.02 Name "Anna" NEGATION <1 come.v.02 Theme -1 Time +1 Destination +3 time.n.08 TSU now person.n.01 Sub speaker party.n.04 Creator -1
POSSIBILITY <1 person.n.01 EQU speaker can.n.01 open.v.01 Agent -2 Patient -1
event.v.01 Participant +1 male.n.02 Name "JOHN IRVING"
person.n.01 Name ? sing.v.02 Agent -1 Time +1 Theme +2 time.n.08 EQU now song.n.01
lamb.n.01 time.n.08 EQU now very.r.01 cute.a.01 AttributeOf -3 Time -2 Degree -1
measure.n.02 Unit ? Quantity ? weigh.v.01 Value -1 Time +1 Theme +2 time.n.08 EQU now soccer_ball.n.01
person.n.01 EQU speaker balloon.n.02 User -1 pop.v.12 Patient -1 Time +1 time.n.08 TPR now
male.n.02 demonstrate.v.01 Agent -1 Time +1 Theme +3 time.n.08 TPR now new.a.01 AttributeOf +1 vacuum_cleaner.n.01
cat.n.01 catch.v.04 Agent -1 Theme +1 mouse.n.01
person.n.01 EQU speaker live.v.01 Theme -1 Time +1 Location +2 time.n.08 EQU now city.n.01 Name "Wolgograd"
NEGATION <1 person.n.01 NEGATION <1 love.v.01 Experiencer -1 Time +1 Stimulus +2 time.n.08 EQU now music.n.01
person.n.01 Role +1 skater.n.01 skate.v.01 Theme -2 Time +1 Location +2 time.n.08 TPR now location.n.01 SXY +1 rink.n.01
room.n.01 be.v.03 Location -1 Time +1 Theme +2 time.n.08 EQU now person.n.01
male.n.02 Name "Tom" doze.v.01 Agent -1 Time +1 time.n.08 EQU now
company.n.01 Name "Kraft" sell.v.01 Agent -1 Time +1 Theme +2 time.n.08 TPR now company.n.01 Name "Celestial Seasonings"
captain.n.01 male.n.02 Name "Scott" Title -1 reach.v.01 Theme -1 Time +1 Goal +2 Time +3 time.n.08 TPR now island.n.01 Name "Scott-Insel" time.n.08 MonthOfYear 12 EQU +1 time.n.08 YearOfCentury 1902
male.n.02 wear.v.01 Agent -1 Time +1 Theme +3 time.n.08 TPR now light-blue.a.01 tie.n.01 Colour -1
person.n.01 EQU speaker know.v.01 Proposition >1 Experiencer -1 Time +1 time.n.08 EQU now CONTINUATION <0 female.n.02 beautiful.a.01 AttributeOf -1 Time +1 time.n.08 EQU now
houseboat.n.01 be.v.03 Theme -1 Time +1 Location +2 time.n.08 EQU now boathouse.n.01
person.n.01 EQU speaker mother_tongue.n.01 Creator -1 be.v.02 Theme -1 Time +1 Co-Theme +2 time.n.08 EQU now spanish.n.01
flood.n.01 ravage.v.02 Causer -1 Time +1 Patient +2 time.n.08 EQU now continent.n.01 Name "Europa"
person.n.01 EQU speaker person.n.01 Role +1 son.n.01 Of -2 time.n.08 EQU now quantity.n.01 EQU 10 year.n.01 Quantity -1 old.a.01 AttributeOf -5 Time -3 Value -1
male.n.02 Name "Tom" kick.v.01 Agent -1 Time +1 Theme +2 time.n.08 TPR now soccer_ball.n.01
male.n.02 Name "Christoph Kolumbus" die.v.01 Patient -1 Time +1 Time +2 time.n.08 TPR now time.n.08 YearOfCentury 1506
male.n.02 Name "Lincoln" die.v.01 Patient -1 Time +1 time.n.08 YearOfCentury 1865 TPR now time.n.08 EQU -1
tea_service.n.01 time.n.08 EQU now incomplete.a.01 AttributeOf -2 Time -1
female.n.02 crumble.v.02 Agent -1 Time +1 Patient +2 time.n.08 TPR now biscuit.n.02
entity.n.01 time.n.08 TSU now quantity.n.01 BOT +1 quantity.n.01 EQU 5 dollar.n.01 Quantity -2 cost.v.01 Theme -5 Time -4 Value -1
person.n.01 clear.v.01 Agent -1 Time +1 Theme +2 Source +3 time.n.08 TPR now snow.n.02 pavement.n.01
brass_band.n.01 play.v.03 Agent -1 Time +1 Theme +3 time.n.08 TPR now quantity.n.01 EQU 3 march.n.06 Quantity -1
event.v.01 Participant +1 male.n.02 Name "FRIEDRICH NIETZSCHE"
person.n.01 EQU hearer love.v.03 Experiencer -1 Time +1 Stimulus +2 time.n.08 EQU now male.n.02
male.n.02 Name "Tom" NEGATION <1 time.n.08 EQU now unintelligent.a.01 AttributeOf -2 Time -1 CONTINUATION <1 male.n.02 ANA -3 time.n.08 EQU now just.r.01 lazy.a.02 AttributeOf -3 Time -2 Manner -1
male.n.02 Name "Tom" toss.v.01 Agent -1 Time +1 Destination +2 Theme +3 time.n.08 TPR now female.n.02 Name "Maria" key.n.01
kilogram.n.01 Quantity ? weigh.v.01 Value -1 Time +1 Theme +2 time.n.08 EQU now person.n.01 EQU hearer
person.n.01 EQU speaker speak.v.03 Agent -1 Time +1 Theme +4 time.n.08 EQU now japanese.n.02 english.n.01 entity.n.01 Sub -2 Sub -1 Sub +1 french.n.01
NEGATION <1 person.n.01 like.v.02 Experiencer -1 Time +1 Stimulus +2 time.n.08 EQU now war.n.01
event.v.01 Participant +1 url.n.01 Name "http://www.skat.com/skatordnung.html"
female.n.02 write_down.v.01 Agent -1 Time +1 Theme +2 Destination +4 time.n.08 TPR now entity.n.01 female.n.02 ANA -4 notebook.n.01 User -1
person.n.01 EQU hearer return_ticket.n.01 buy.v.01 Agent -2 Theme -1 Time +1 time.n.08 TPR now
person.n.01 Name ? house.n.01 User -1 be.v.02 Co-Theme -1 Time +1 Theme +2 time.n.08 EQU now entity.n.01
person.n.01 EQU speaker time.n.08 EQU now married.a.01 AttributeOf -2 Time -1
person.n.01 EQU speaker dog.n.01 Owner -1 time.n.08 EQU now white.a.01 ColourOf -2 Time -1
building.n.01 belong.v.01 Theme -1 Time +1 Pivot +2 time.n.08 EQU now person.n.01 Sub speaker
tsunami.n.01 hit.v.05 Agent -1 Time +1 Patient +3 time.n.08 TPR now northeastern.a.01 AttributeOf +1 coast.n.01 PartOf +1 island.n.01 Name "Hokkaido"
quantity.n.01 MOR +1 quantity.n.01 EQU 4000000 person.n.01 Quantity -2 Source +1 country.n.02 Name "syria" be.v.01 Theme -2 Time +1 Co-Theme +2 time.n.08 EQU now person.n.01 Role +1 refugee.n.01
female.n.02 Name "Dean Lynn Hart" live.v.01 Theme -1 Time +1 Location +2 time.n.08 EQU now way.n.06 Name "Truckee River Trail"
female.n.02 know.v.01 Proposition >1 Experiencer -1 Time +1 time.n.08 TPR now CONTINUATION <0 male.n.02 Name "John" female.n.02 ANA -4 love.v.03 Experiencer -2 Stimulus -1 Time +1 time.n.08 TPR now
time.n.08 EQU now entity.n.01 normal.a.01 Time -2 AttributeOf -1
NEGATION <1 person.n.01 NEGATION <1 applaud.v.01 Agent -1 Time +1 time.n.08 TPR now
person.n.01 Name ? bicycle.n.01 User -1 be.v.02 Co-Theme -1 Time +1 Theme +2 time.n.08 EQU now entity.n.01
event.v.01 Participant +1 female.n.02 Name "Sandra Maischberger"
male.n.02 drive.v.03 Agent -1 Time +1 Theme +3 Destination +4 time.n.08 TPR now male.n.02 ANA -3 car.n.01 User -1 city.n.01 Name "Yokohama"
male.n.02 drive.v.01 Agent -1 Time +1 Theme +2 time.n.08 EQU now tow_truck.n.01
person.n.01 EQU hearer assemble.v.01 Agent -1 Time +1 Product +2 time.n.08 EQU now sewing_machine.n.01
NEGATION <1 person.n.01 NEGATION <1 pay.v.01 Agent -1 Time +1 Asset +3 time.n.08 TPR now quantity.n.01 EQU 7000 dollar.n.01 Quantity -1
queen.n.02 female.n.02 Name "Elizabeth" Title -1 die.v.01 Patient -1 Time +1 Time +2 time.n.08 TPR now time.n.08 EQU +1 time.n.08 YearOfCentury 1603
male.n.02 CONDITION <1 entity.n.01 EQU +1 entity.n.01 sweet.a.01 AttributeOf -1 Time +1 time.n.08 EQU now CONSEQUENCE <1 like.v.02 Experiencer -5 Stimulus -3 Time +1 time.n.08 EQU now
person.n.01 Name ? book.n.02 User -1 be.v.02 Co-Theme -1 Time +1 Theme +2 time.n.08 EQU now entity.n.01
event.v.01 Participant +1 death_penalty.n.01
male.n.02 stupidity.n.01 Creator -1 time.n.08 EQU now abysmal.a.01 AttributeOf -2 Time -1
person.n.01 EQU speaker time.n.08 EQU now time.n.08 EQU now busy.a.01 AttributeOf -3 Time -2 Time -1
male.n.02 Name "Tom" pluck.v.05 Agent -1 Time +1 Patient +2 time.n.08 EQU now chicken.n.02
number.n.02 EQU 15 times.n.02 Theme -1 Co-Theme +1 number.n.02 EQU 5 equal.v.01 Theme -2 Co-Theme +1 number.n.02 EQU 75
dog.n.01 sniff.v.01 Agent -1 Time +1 Theme +2 time.n.08 TPR now ground.n.01
male.n.02 be.v.08 Theme -1 Time +1 Co-Theme +2 time.n.08 EQU now person.n.01 Role +1 volleyball_player.n.01
male.n.02 Name "Tom" film.v.01 Agent -1 Time +1 Theme +3 time.n.08 TPR now male.n.02 ANA -3 dog.n.01 Owner -1 send.v.03 Agent -5 Time +1 Theme +2 Destination +3 time.n.08 TPR now picture.n.01 female.n.02 Name "Maria"
person.n.01 EQU speaker NEGATION <1 time.n.08 EQU now allergic.a.02 Experiencer -2 Time -1 Stimulus +1 penicillin.n.01
gray-haired.a.01 AttributeOf +1 man.n.01 be.v.02 Theme -1 Time +1 Co-Theme +3 time.n.08 EQU now male.n.02 Name "tom" person.n.01 Role +1 father.n.01 Of -2
horse.n.01 be.v.02 Theme -1 Time +1 Co-Theme +2 time.n.08 EQU now entity.n.01 Owner +1 person.n.01
male.n.02 Name "Gotti" time.n.08 TPR now extortion.n.03 accuse.v.01 Theme -3 Time -2 Attribute -1
time.n.08 EQU now EQU +1 time.n.08 ClockTime 13:30
location.n.01 EQU ? be.v.03 Location -1 Time +1 Theme +2 time.n.08 EQU now parking_meter.n.01
person.n.01 EQU hearer towel.n.01 count.v.01 Agent -2 Theme -1 Time +1 time.n.08 TPR now
female.n.02 Name "Maria" salt.v.01 Agent -1 Time +1 Destination +2 time.n.08 TPR now meat.n.01
event.v.01 Participant +1 female.n.02 Name "Gabi Keast"
person.n.01 EQU speaker person.n.01 Role +1 brother.n.01 Of -2 time.n.08 EQU now quantity.n.01 EQU 8 year.n.01 Quantity -1 old.a.01 AttributeOf -5 Time -3 Degree +1 more.r.01 Theme -6 Value -2 Co-Theme +1 person.n.01 EQU speaker
plane.n.01 time.n.08 EQU now time.n.08 EQU now operational.a.02 AttributeOf -3 Time -2 Time -1
male.n.02 Name "Donald Trump" be.v.08 Theme -1 Time +1 Co-Theme +3 time.n.08 EQU now famous.a.01 AttributeOf +2 person.n.01 Role +1 businessman.n.01
event.v.01 Participant +1 url.n.01 Name "http://www.anl.siemens.de/solution/index_d.html"
time.n.08 EQU now money.n.02 person.n.01 EQU hearer important.a.01 Time -3 AttributeOf -2 Experiencer -1
supermarket.n.01 open.v.03 Theme -1 Time +1 Time +2 time.n.08 EQU now time.n.08 ClockTime 10:00
location.n.01 Name ? die.v.01 Location -1 Time +1 Patient +2 time.n.08 TPR now male.n.02 Name "Irving Mitchell Felt"
male.n.02 Name "Keisuke" time.n.08 EQU now tall.a.01 AttributeOf -2 Time -1 Degree +1 more.r.01 Theme -3 Co-Theme +1 person.n.01 EQU speaker
organization.n.01 Name "Texas Instruments" produce.v.02 Agent -1 Time +1 Result +2 time.n.08 EQU now cellular_telephone.n.01
female.n.02 Name "Emily" POSSIBILITY <1 swim.v.01 Theme -1
NEGATION <1 person.n.01 NEGATION <1 hate.v.01 Experiencer -1 Time +1 Stimulus +2 time.n.08 EQU now person.n.01 EQU speaker
book.n.02 cost.v.01 Theme -1 Time +1 Value +3 time.n.08 EQU now quantity.n.01 EQU 5 dollar.n.01 Quantity -1
male.n.02 like.v.02 Experiencer -1 Stimulus +2 person.n.01 EQU speaker joke.n.01 Creator -1
NEGATION <1 football_team.n.01 NEGATION <1 consist.v.04 Theme -1 Time +1 Attribute +3 time.n.08 EQU now quantity.n.01 EQU 11 person.n.01 Quantity -1 Role +1 player.n.01
male.n.02 time.n.08 TPR now arrest.v.01 Patient -2 Time -1 EXPLANATION <1 male.n.02 ANA -3 money.n.01 steal.v.01 Agent -2 Theme -1 Time +1 time.n.08 TPR now
male.n.02 Name "Tom" time.n.08 EQU now allergic.a.02 Experiencer -2 Time -1 Stimulus +1 dairy_product.n.01
person.n.01 EQU hearer female.n.02 sleep_with.v.01 Agent -2 Co-Agent -1 Time +1 time.n.08 TPR now
female.n.02 Name "Margreth" rise.v.03 Theme -1 Time +1 time.n.08 TPR now CONTINUATION <1 go.v.01 Theme -3 Time +1 Destination +2 time.n.08 TPR now bedroom.n.01
male.n.02 Name "Franz Liszt" live.v.01 Theme -1 Time +1 Start +2 Finish +3 time.n.08 TPR now time.n.08 YearOfCentury 1811 time.n.08 YearOfCentury 1886
person.n.01 EQU hearer happy.a.01 Experiencer -1 Time +1 time.n.08 EQU now CONSEQUENCE <1 time.n.08 EQU now person.n.01 EQU speaker happy.a.01 Time -2 Experiencer -1
NEGATION <1 day.n.01 NEGATION <1 person.n.01 EQU speaker keep.v.08 Agent -1 Time -2 Time +1 Theme +2 time.n.08 EQU now diary.n.01
chicken.n.02 cackle.v.02 Agent -1 Time +1 time.n.08 EQU now
female.n.02 Name "Maria" female.n.02 ANA -1 microscope.n.01 buy.v.01 Agent -3 Beneficiary -2 Theme -1 Time +1 time.n.08 TPR now
female.n.02 Name "Sasaki Sadako" die.v.01 Patient -1 Time +1 Time +2 time.n.08 TPR now time.n.08 DayOfMonth 25 EQU +2 time.n.08 MonthOfYear 10 EQU -1 time.n.08 YearOfCentury 1955
person.n.01 EQU speaker want.v.01 Pivot -1 Time +1 Theme +2 Time +3 time.n.08 EQU now entity.n.01 time.n.08 EQU now
purr.v.02 Time +1 Agent +2 time.n.08 EQU now tiger.n.02
person.n.01 Sub speaker visit.v.01 Agent -1 Time +1 Theme +4 time.n.08 TPR now large.a.01 Degree +1 most.r.01 museum.n.01 Attribute -2 Location +1 city.n.01 Name "São Paulo"
book.n.02 belong.v.01 Theme -1 Time +1 Pivot +2 time.n.08 EQU now male.n.02 Name "Paolo"
NEGATION <1 person.n.01 encourage.v.02 Agent -1 Time +1 Recipient +2 time.n.08 TPR now female.n.02
male.n.02 Name "Tom" grab.v.05 Agent -1 Time +1 Theme +3 time.n.08 TPR now female.n.02 Name "Maria" hand.n.01 PartOf -1
male.n.02 Name "Tom" work.v.01 Agent -1 Time +1 time.n.08 EQU now
person.n.01 EQU speaker NEGATION <1 speak.v.03 Agent -1 Time +1 Theme +2 time.n.08 EQU now french.n.01
time.n.08 EQU now person.n.01 EQU hearer quantity.n.01 EQU 17 year.n.01 Quantity -1 old.a.01 Time -4 Theme -3 Value -1
male.n.02 unthinkable.a.01 AttributeOf +1 entity.n.01 do.v.02 Agent -3 Theme -1 Time +1 time.n.08 TPR now
male.n.02 Name "Tom" grab.v.03 Agent -1 Time +1 Theme +3 time.n.08 TPR now male.n.02 ANA -3 umbrella.n.01 User -1 CONTINUATION <1 head.v.01 Agent -5 Time +1 Theme +2 Destination +3 time.n.08 TPR now male.n.02 ANA -7 elevator.n.01
event.v.01 Participant +1 url.n.01 Name "http://www.uni-kassel.de/fb10/frieden/regionen/Israel/80thesen.html"
male.n.02 Name "Woodrow Wilson" time.n.08 TPR now extremely.r.02 sick.a.01 AttributeOf -3 Time -2 Degree -1
male.n.02 toe.n.01 PartOf -1 bleed.v.01 Source -1 Time +1 time.n.08 EQU now
insect.n.01 EQU ? person.n.01 EQU hearer eat.v.01 Patient -2 Agent -1 Time +1 time.n.08 TPR now
female.n.02 Name "Anna Politkowskaja" time.n.08 TPR now murder.v.01 Patient -2 Time -1
female.n.02 Name "Maria" wear.v.02 Agent -1 Time +1 Manner +2 Theme +4 time.n.08 EQU now usually.r.01 bright-red.a.01 lipstick.n.01 Colour -1
male.n.02 tell.v.01 Agent -1 Time +1 Topic +2 Recipient +3 time.n.08 TPR now entity.n.01 female.n.02 CONTINUATION <1 female.n.02 ANA -1 smile.v.02 Agent -1 Time +1 time.n.08 TPR now
flight.n.09 Name "226" take_off.v.03 Theme -1 Time +1 Time +2 time.n.08 TSU now time.n.08 ClockTime 10:30
person.n.01 EQU hearer NEGATION <1 time.n.08 EQU now less.r.01 Theme -2 Co-Theme +2 pretty.a.01 AttributeOf -3 Time -2 Degree -1 female.n.02
male.n.02 Name "Tony Blair" belong.v.05 Theme -1 Time +1 Pivot +2 time.n.08 EQU now party.n.01 Name "Labour-Partei"
tea.n.01 cost.v.01 Theme -1 Time +1 Value +3 time.n.08 EQU now quantity.n.01 EQU 2 euro.n.01 Quantity -1
penguin.n.01 time.n.08 EQU now really.r.04 cute.a.01 AttributeOf -3 Time -2 Degree -1
person.n.01 EQU speaker time.n.08 TSU now entity.n.01 Attribute +1 light.a.08 eat.v.01 Agent -4 Time -3 Patient -2
male.n.02 Name "Alfred Nobel" invent.v.01 Agent -1 Time +1 Result +3 time.n.08 YearOfCentury 1866 TPR now time.n.08 EQU -1 dynamite.n.01
person.n.01 Source +1 country.n.02 Name "japan" attack.v.01 Agent -2 Time +1 Time +3 Patient +5 time.n.08 TPR now time.n.08 DayOfMonth 7 EQU +1 time.n.08 MonthOfYear 12 EQU +1 time.n.08 YearOfCentury 1941 seaport.n.01 Name "Pearl Harbor"
company.n.01 Name "Wehkamp" time.n.08 TPR now country.n.02 Name "UK" base.v.02 Theme -3 Time -2 Location -1
NEGATION <1 NEGATION <1 person.n.01 NEGATION <1 win.v.01 Agent -1 Time +1 time.n.08 EQU now
person.n.01 EQU speaker tie.n.01 User -1 time.n.08 EQU now orange.a.01 ColourOf -2 Time -1
time.n.08 EQU now person.n.01 EQU hearer angry.a.01 Time -2 Experiencer -1
diamond.n.01 shine.v.01 Theme -1 Time +1 Manner +2 time.n.08 TPR now brightly.r.01
male.n.02 Name "Adam DePrisco" time.n.08 TPR now country.n.02 Name "Mexiko" kill.v.01 Patient -3 Time -2 Location -1
person.n.01 EQU speaker person.n.01 Role +1 brother.n.01 Of -2 work.v.02 Agent -2 Time +1 Co-Agent +2 time.n.08 EQU now bank.n.02
time.n.08 TSU now person.n.01 EQU speaker kite.n.03 fly.v.05 Time -3 Agent -2 Theme -1
female.n.02 Name "Senacal" reside.v.01 Theme -1 Time +1 Location +2 time.n.08 EQU now city.n.02 Name "Cortland Manor"
actinium.n.01 vaporize.v.03 Patient -1 Time +1 Value +3 time.n.08 EQU now quantity.n.01 EQU 3198 degree_celsius.n.01 Quantity -1
entity.n.01 french.n.01 SubOf -1 speak.v.03 Theme -2 Time +1 Agent +2 Manner +3 time.n.08 EQU now male.n.02 obviously.r.01 english.n.01 SubOf -6
male.n.02 Name "Victor Emmanuel III" be.v.08 Theme -1 Time +1 Co-Theme +2 Start +5 Finish +6 time.n.08 TPR now person.n.01 Role +1 king.n.01 Of +1 state.n.04 Name "Italien" time.n.08 YearOfCentury 1900 time.n.08 YearOfCentury 1946
location.n.01 Name ? hail.v.02 Location -1 Time +1 Theme +2 time.n.08 EQU now male.n.02 Name "Edwin Tang"
mr.n.01 male.n.02 Name "Wang" Title -1 teach.v.01 Agent -1 Time +1 Recipient +2 Theme +3 time.n.08 EQU now person.n.01 Sub speaker chinese.n.01
person.n.01 EQU speaker person.n.01 Role +1 sister.n.01 Of -2 time.n.08 EQU now famous.a.01 AttributeOf -3 Time -1
organisation.n.02 Name ? lead.v.07 Theme -1 Time +1 Agent +2 time.n.08 EQU now female.n.02 Name "Hope Holcomb"
male.n.02 Name "Tom" yell.v.02 Agent -1 Time +1 Recipient +2 time.n.08 TPR now female.n.02 Name "Mary"
NEGATION <1 person.n.01 speak.v.02 Agent -1 Time +1 Co-Agent +2 time.n.08 TPR now person.n.01 EQU speaker
stock_market.n.01 tumble.v.08 Patient -1 Time +1 time.n.08 TPR now
male.n.02 entity.n.01 Attribute +1 suspicious.a.01 notice.v.02 Experiencer -3 Stimulus -2 Time +1 time.n.08 TPR now
roof.n.01 leak.v.04 Source -1 Time +1 time.n.08 EQU now
male.n.02 Name "Tom" say.v.01 Proposition >1 Agent -1 Time +1 time.n.08 TPR now CONTINUATION <0 person.n.01 EQU hearer like.v.02 Experiencer -1 Time +1 Stimulus +2 time.n.08 EQU now popcorn.n.02
person.n.01 EQU speaker NEGATION <1 know.v.01 Proposition >1 Experiencer -1 Time +1 time.n.08 EQU now CONTINUATION <0 location.n.01 EQU ? male.n.02 Name "Tom" office.n.01 User -1 be.v.03 Location -3 Theme -1 Time +1 time.n.08 EQU now
male.n.02 Name "Tom" have.v.12 Experiencer -1 Time +1 Stimulus +2 time.n.08 EQU now insomnia.n.01
NEGATION <1 entity.n.01 PartOf +2 person.n.01 EQU speaker cake.n.03 Creator -1 NEGATION <1 time.n.08 EQU now delicious.a.02 AttributeOf -4 Time -1
person.n.01 EQU speaker plant.v.01 Agent -1 Time +1 Theme +2 time.n.08 EQU now orange_tree.n.01
event.v.01 Participant +1 transformation.n.01
have.v.12 Time +1 Experiencer +2 Stimulus +3 time.n.08 TPR now male.n.02 parkinson's.n.01
ice.n.02 time.n.08 EQU now very.r.01 thick.a.01 Time -2 Degree -1 Value + AttributeOf -3
novel.n.01 bore.v.01 Stimulus -1 Time +1 Experiencer +2 time.n.08 EQU now person.n.01 EQU speaker
person.n.01 Name ? camera.n.01 User -1 be.v.02 Co-Theme -1 Time +1 Theme +2 time.n.08 EQU now entity.n.01
female.n.02 Name "Mary" be.v.02 Theme -1 Time +1 Co-Theme +4 time.n.08 EQU now male.n.02 Name "Tom" time.n.08 TPR now person.n.01 Role +1 wife.n.01 Of -3 Time -2
male.n.02 time.n.08 EQU now strong.a.01 AttributeOf -2 Time -1 Degree +1 more.r.01 Theme -3 Co-Theme +1 person.n.01 EQU hearer
male.n.02 knock.v.02 Agent -1 Time +1 Patient +3 time.n.08 TPR now closed.a.01 AttributeOf +1 door.n.01
time.n.08 EQU now snow.v.01 Time -1 Time +1 EQU +2 time.n.08 EQU now entity.n.01
NEGATION <1 person.n.01 NEGATION <1 watch.v.01 Agent -1
person.n.01 Role +1 surgeon.n.01 amputate.v.01 Agent -2 Time +1 Theme +3 time.n.08 TPR now wrong.a.03 AttributeOf +1 leg.n.01
person.n.01 EQU speaker iron.v.01 Agent -1 Time +1 Patient +3 time.n.08 EQU now person.n.01 EQU speaker handkerchief.n.01 User -1
female.n.02 Name "Mary" time.n.08 EQU now scantily.r.01 clad.a.01 AttributeOf -3 Time -2 Degree -1
person.n.01 EQU speaker stomach.n.01 PartOf -1 grumble.v.03 Agent -1 Time +1 time.n.08 EQU now
person.n.01 Name ? book.n.02 User -1 be.v.02 Co-Theme -1 Time +1 Theme +2 time.n.08 EQU now entity.n.01
male.n.02 fly.v.09 Theme -1 Time +1 Destination +2 time.n.08 TPR now city.n.01 Name "Paris"
person.n.01 EQU hearer reek.v.02 Location -1 Time +1 Theme +2 time.n.08 EQU now alcohol.n.01
female.n.02 come.v.02 Theme -1 Time +1 Destination +2 time.n.08 TPR now city.n.01 Name "Tokio" female.n.02 ANA -4 old.a.01 AttributeOf -1 TIN -4 Value +1 Time +3 measure.n.02 Quantity 18 Unit +1 year.n.01 time.n.08 TPR now
person.n.01 EQU speaker time.n.08 EQU now hungry.a.01 Experiencer -2 Time -1
be.v.01 Time +1 Theme +2 Co-Theme +3 time.n.08 EQU now person.n.01 EQU hearer person.n.01 Role +1 wizard.n.02
person.n.01 EQU speaker NEGATION <1 time.n.08 EQU now outgoing.a.03 AttributeOf -2 Time -1
state.n.04 Name "Amerika" do_away_with.v.01 Agent -1 Time +1 Theme +2 time.n.08 YearOfCentury 1863 TPR now slavery.n.02 time.n.08 EQU -2
male.n.02 time.n.08 EQU now dust.n.01 allergic.a.02 Experiencer -3 Time -2 Stimulus -1
location.n.01 SZN +1 table.n.02 lie.v.01 Location -2 Time +1 Theme +2 time.n.08 EQU now cookie.n.01
company.n.01 Name "BSN" company.n.01 Name "RJR Nabisco" buy.v.01 Agent -2 Theme -1 Time +1 time.n.08 TPR now
location.n.01 EQU ? be.v.03 Location -1 Time +1 Theme +2 time.n.08 EQU now newspaper.n.01
female.n.02 time.n.08 EQU now kind.a.01 AttributeOf -2 Time -1 Beneficiary +1 male.n.02
person.n.01 knock.v.02 Agent -1 Time +1 Patient +3 time.n.08 EQU now person.n.01 EQU hearer door.n.01 User -1
event.v.01 Participant +1 address.n.01 Name "http://www.anl.siemens.de/about/index_d.html"
male.n.02 manipulate.v.05 Agent -1 Time +1 Patient +2 time.n.08 EQU now person.n.01 EQU hearer
entity.n.01 time.n.08 EQU now occupied.a.01 AttributeOf -2 Time -1
entity.n.01 terrible.a.01 AttributeOf -1 happen.v.01 Theme -2 Time +1 time.n.08 TPR now
person.n.01 EQU speaker breakfast.n.01 skip.v.02 Agent -2 Theme -1 Time +1 time.n.08 TPR now
female.n.02 Name "Sue" pick_up.v.02 Agent -1 Time +1 Theme +2 Source +3 time.n.08 TPR now pencil.n.01 floor.n.01
instrument.n.06 EQU ? play.v.07 Theme -1 Time +1 Agent +2 time.n.08 EQU now person.n.01 EQU hearer
male.n.02 Name "Swift" die.v.01 Patient -1 Time +1 Time +2 time.n.08 TPR now time.n.08 YearOfCentury 1745
audience.n.01 applaud.v.02 Experiencer -1 Time +1 Stimulus +2 time.n.08 TPR now person.n.01 Role +1 actress.n.01
male.n.02 Name "Tom" drink.v.01 Agent -1 Time +1 Patient +2 time.n.08 TPR now orange_juice.n.01
time.n.08 TSU now person.n.01 EQU speaker baseball.n.01 play.v.01 Time -3 Agent -2 Theme -1
apple.n.01 time.n.08 EQU now red.a.01 ColourOf -2 Time -1 Degree +1 more.r.01 Theme -3
dream.v.02 Time +1 Experiencer +2 time.n.08 EQU now cat.n.01
agency.n.01 Name "NNSA" be.v.02 Theme -1 Time +1 Co-Theme +2 time.n.08 EQU now agency.n.01 Name "National Nuclear Security Administration"
male.n.02 Name "Dick" play.v.07 Agent -1 Time +1 Theme +2 time.n.08 TPR now piano.n.01 CONTINUATION <1 female.n.02 Name "Lucy" sing.v.02 Agent -1 Time +1 time.n.08 TPR now
time.n.08 EQU now tea_service.n.01 complete.a.01 Time -2 AttributeOf -1
female.n.02 Name "Sylvie" live.v.01 Theme -1 Time +1 Location +2 time.n.08 EQU now state.n.01 Name "Elsass"
person.n.01 EQU speaker know.v.01 Proposition >1 Experiencer -1 Time +1 time.n.08 TPR now CONTINUATION <0 entity.n.01 unhealthy.a.01 AttributeOf -1 Time +1 time.n.08 TPR now
male.n.02 Name "Pierce" live.v.01 Theme -1 Time +1 Location +2 time.n.08 EQU now way.n.06 Name "E. 28th Street"
male.n.02 milk.v.01 Agent -1 Time +1 Source +2 time.n.08 TPR now cow.n.01
NEGATION <1 person.n.01 Role +1 student.n.01 NEGATION <1 time.n.08 EQU now present.a.02 AttributeOf -3 Time -1
male.n.02 dog.n.01 Owner -1 run.v.01 Theme -1 Time +1 Location +2 time.n.08 TPR now yard.n.02
fire_alarm.n.02 ring.v.01 Theme -1 Time +1 time.n.08 TPR now
lion.n.01 roar.v.05 Agent -1 Time +1 time.n.08 EQU now
school.n.01 time.n.08 YearOfCentury 1650 TPR now time.n.08 EQU -1 found.v.01 Theme -3 Time -1
male.n.02 fly.v.01 Theme -1 Time +1 Source +2 Destination +3 time.n.08 TPR now city.n.01 Name "London" city.n.01 Name "Paris"
male.n.02 female.n.02 hug.v.01 Agent -2 Co-Agent -1 Time +1 time.n.08 TPR now
book.n.01 consist.v.04 Theme -1 Time +1 Attribute +3 time.n.08 EQU now quantity.n.01 EQU 5 chapter.n.01 Quantity -1
male.n.02 Name "Edward" time.n.08 EQU now young.a.01 AttributeOf -2 Time -1 Degree +1 more.r.01 Theme -3 Co-Theme +1 male.n.02 Name "Robert"
traffic_jam.n.01 last.v.01 Theme -1 Time +1 Value +3 time.n.08 TPR now quantity.n.01 EQU 1 hour.n.01 Quantity -1
person.n.01 EQU hearer time.n.08 EQU now nuts.a.01 AttributeOf -2 Time -1
person.n.01 Role +1 peasant.n.01 plant.v.01 Agent -2 Time +1 Theme +2 time.n.08 TPR now rice.n.02
event.v.01 Participant +1 female.n.02 Name "Iris Radisch"
person.n.01 Name ? karaoke.n.01 invent.v.01 Agent -2 Result -1 Time +1 time.n.08 TPR now
person.n.01 EQU speaker quantity.n.01 EQU 2 hamburger.n.01 Quantity -1 order.v.02 Agent -3 Theme -1 Time +1 time.n.08 TPR now
book.n.01 belong.v.01 Theme -1 Time +1 Pivot +2 time.n.08 EQU now male.n.02 Name "Tony"
male.n.02 Name "El-Nashar" time.n.08 TPR now country.n.02 Name "Ägypten" arrest.v.01 Patient -3 Time -2 Location -1
person.n.01 EQU speaker pulse.n.03 Creator -1 time.n.08 EQU now slow.a.02 AttributeOf -2 Time -1
person.n.01 Sub speaker team.n.01 Part -1 win.v.01 Agent -1 Time +1 Extent +2 time.n.08 TPR now score.n.03 Value 3-1
male.n.02 Name "Tom" time.n.08 TPR now murder.n.01 suspect.v.01 Theme -3 Time -2 Attribute -1
state.n.04 Name "Griechenland" cancel.v.01 Agent -1 Time +1 Theme +2 time.n.08 EQU now referendum.n.01
examination.n.01 time.n.08 EQU now at_hand.a.02 AttributeOf -2 Time -1
female.n.02 die.v.01 Patient -1 Time +1 Causer +2 time.n.08 TPR now tuberculosis.n.01
team.n.01 Name "Italien" beat.v.01 Agent -1 Time +1 Co-Agent +2 time.n.08 TPR now team.n.01 Name "Kasachstan"
person.n.01 Name ? person.n.01 EQU hearer vote.v.01 Theme -2 Agent -1 Time +1 time.n.08 TPR now
person.n.01 EQU hearer be.v.03 Theme -1 Time +1 Location +3 time.n.08 EQU now wrong.a.03 AttributeOf +1 train.n.01
female.n.02 NEGATION <1 time.n.08 EQU now cute.a.01 AttributeOf -2 Time -1
male.n.02 Name "Hughes" time.n.08 TPR now female.n.02 Name "Gracia" married.a.01 AttributeOf -3 Time -2 Theme -1
person.n.01 EQU speaker shake.v.09 Agent -1 Time +1 Patient +2 time.n.08 TPR now head.n.01
understand.v.03 Time +1 Experiencer +2 Stimulus +3 time.n.08 TPR now female.n.02 Name "Marika" estonian.n.01
location.n.01 Name ? live.v.01 Location -1 Time +1 Theme +3 time.n.08 EQU now person.n.01 EQU hearer person.n.01 Role +1 grandfather.n.01 Of -2
person.n.01 EQU speaker person.n.01 Role +1 mother.n.01 Of -2 give.v.03 Agent -2 Time +1 Recipient +2 Theme +4 time.n.08 TPR now person.n.01 EQU speaker female.n.02 sewing_machine.n.01 User -1
help.v.01 Time +1 Agent +2 Beneficiary +4 time.n.08 EQU now person.n.01 EQU hearer miss.n.03 female.n.02 Name "Hansson" Title -1
male.n.02 have.v.01 Pivot -1 Time +1 Theme +4 time.n.08 EQU now quantity.n.01 TOP +1 quantity.n.01 EQU 100 dollar.n.01 Quantity -2
male.n.02 be.v.08 Theme -1 Time +1 Co-Theme +2 time.n.08 EQU now person.n.01 Role +1 scientist.n.01
event.v.01 Participant +1 url.n.01 Name "http://www.anl.siemens.de/news/press_d.html"
fish.n.01 fly.v.01 Theme -1 Time +1 time.n.08 EQU now
person.n.01 Sub speaker forgive.v.01 Agent -1 Time +1 Theme +2 time.n.08 EQU now male.n.02
male.n.02 Name "Napoleon Bonaparte" time.n.08 TPR now afraid.a.01 Experiencer -2 Time -1 Stimulus +2 black.a.01 cat.n.01 Colour -1
male.n.02 time.n.08 EQU now very.r.01 understanding.a.01 AttributeOf -3 Time -2 Degree -1
mountain.n.01 Name "Kanchenjunga" time.n.08 EQU now quantity.n.01 EQU 8586 meter.n.01 Quantity -1 high.a.01 Theme -4 Time -3 Value -1
prize.n.01 EQU ? time.n.08 TPR now female.n.02 Name "Elizabeth Neufeld" award.v.01 Theme -3 Time -2 Goal -1
NEGATION <1 person.n.01 NEGATION <1 make.v.24 Agent -1 Theme +1 mistake.n.01
female.n.02 Name "Heather" go.v.01 Theme -1 Time +1 Time +2 Destination +3 time.n.08 EQU now time.n.08 ClockTime 08:00 school.n.01
male.n.02 Name "tom" wish.n.01 Creator -1 time.n.08 TPR now grant.v.01 Theme -2 Time -1
jet.n.01 land.v.02 Theme -1 Time +1 Location +2 time.n.08 TPR now city.n.01 Name "Tokyo"
male.n.02 Name "Gianni Versace" be.v.08 Theme -1 Time +1 Co-Theme +2 time.n.08 EQU now person.n.01 Role +1 designer.n.05
entity.n.01 be.v.02 Theme -1 Time +1 Co-Theme +3 time.n.08 EQU now person.n.01 EQU hearer handwriting.n.01 Creator -1
time.n.08 EQU now english.n.01 country.n.02 Name "Kanada" speak.v.03 Time -3 Theme -2 Location -1
female.n.02 Name "Anna Politkovskaya" time.n.08 TPR now murder.v.01 Patient -2 Time -1
berber.n.02 NEGATION <1 time.n.08 EQU now as.r.01 Theme -2 Co-Theme +2 difficult.a.01 AttributeOf -3 Time -2 Degree -1 icelandic.n.01
female.n.02 adore.v.01 Experiencer -1 Time +1 Stimulus +2 time.n.08 EQU now male.n.02
time.n.08 EQU now person.n.01 EQU speaker explanation.n.01 Creator -1 clear.a.01 Time -3 AttributeOf -1
POSSIBILITY <1 male.n.02 Name "Tom" female.n.02 Name "Mary" kiss.v.01 Agent -2 Co-Agent -1 Time +1 time.n.08 TPR now
male.n.02 come.v.01 Theme -1 Time +1 Time +2 Manner +3 time.n.08 TPR now time.n.08 ClockTime 17:00 back.r.01
book.n.01 Name "Reinventing Comics" be.v.01 Theme -1 Time +1 Co-Theme +2 time.n.08 EQU now book.n.01 Creator +1 male.n.02 Name "Scott McCloud"
male.n.02 Name "Wolfgang Amadeus Mozart" time.n.08 TPR now city.n.01 Name "Salzburg" bear.v.02 Patient -3 Time -2 Location -1
person.n.01 knock.v.02 Agent -1 Time +1 Patient +2 time.n.08 TPR now door.n.01
prostitution.n.01 time.n.08 EQU now legal.a.01 AttributeOf -2 Time -1 Location +1 country.n.02 Name "Deutschland"
person.n.01 EQU speaker mother_tongue.n.01 Creator -1 be.v.02 Theme -1 Time +1 Co-Theme +2 time.n.08 EQU now japanese.n.02
person.n.01 EQU speaker wake_up.v.01 Agent -1 Time +1 Patient +2 time.n.08 TPR now male.n.02 Name "Tom"
time.n.08 EQU now male.n.02 Name "Murakami Haruki" country.n.02 Name "Vietnam" popular.a.01 Time -3 Stimulus -2 Location -1
location.n.01 Name ? time.n.08 TPR now organization.n.01 Name "Greenpeace" establish.v.01 Location -3 Time -2 Theme -1
male.n.02 weigh.v.01 Theme -1 Time +1 Value +3 time.n.08 EQU now quantity.n.01 APX 140 kilogram.n.01 Quantity -1
male.n.02 Name "Tom" time.n.08 EQU now extremely.r.02 romantic.a.02 AttributeOf -3 Time -2 Degree -1
male.n.02 Name "Dickson" work.v.02 Agent -1 Time +1 Co-Agent +2 time.n.08 TPR now male.n.02 Name "Edison"
event.v.01 Participant +2 quantity.n.01 EQU 5 ring.n.08 Quantity -1
male.n.02 close.v.01 Agent -1 Time +1 Patient +2 time.n.08 TPR now door.n.01
person.n.01 EQU speaker be.v.03 Theme -1 Time +1 Source +2 time.n.08 EQU now city.n.01 Name "Hiroshima" CONTRAST <1 person.n.01 EQU speaker live.v.01 Theme -1 Time +1 Location +2 time.n.08 EQU now city.n.01 Name "Tōkyō"
phone.n.01 ring.v.01 Theme -1 Time +1 time.n.08 EQU now
oil_pipeline.n.01 leak.v.04 Source -1 Time +1 time.n.08 EQU now
POSSIBILITY <1 person.n.01 EQU speaker dictionary.n.01 use.v.01 Agent -2 Theme -1
girl.n.01 play.v.07 Agent -1 Time +1 Theme +2 time.n.08 EQU now flute.n.01
male.n.02 Name "Accardo" compose.v.02 Agent -1 Time +1 Result +3 time.n.08 TPR now quantity.n.01 EQU 24 capriccio.n.01 Quantity -1
male.n.02 NEGATION <1 time.n.08 EQU now happy.a.01 Experiencer -2 Time -1
person.n.01 EQU hearer time.n.08 EQU now reliable.a.01 Theme -2 Time -1
male.n.02 Name "tom" phone.n.01 User -1 ring.v.01 Theme -1 Time +1 time.n.08 TPR now
offer.n.02 expire.v.01 Patient -1 Time +1 Time +4 time.n.08 TSU now time.n.08 DayOfMonth 15 EQU +2 time.n.08 MonthOfYear 8 EQU +1 time.n.08 YearOfCentury 1999
male.n.02 knock.v.02 Agent -1 Time +1 Patient +2 time.n.08 TPR now door.n.01
male.n.02 Name "Tom" drink.v.01 Agent -1 Time +1 Instrument +2 Patient +3 time.n.08 TPR now straw.n.04 chocolate_milk.n.01
female.n.02 reaction.n.02 Creator -1 NEGATION <1 surprise.v.01 Stimulus -1 Time +1 Experiencer +2 time.n.08 TPR now person.n.01 EQU speaker
person.n.01 EQU hearer shift.n.03 Theme -1 end.v.01 Theme -1 Time +1 Time +2 time.n.08 TSU now time.n.08 ClockTime 14:30
male.n.02 Name "Tom" dance.v.02 Theme -1 Time +1 Location +2 time.n.08 TPR now bar.n.02
male.n.02 Name "Tom" time.n.08 EQU now completely.r.01 nuts.a.01 AttributeOf -3 Time -2 Degree -1
mr.n.01 male.n.02 Name "Smith" Title -1 live.v.01 Theme -1 Time +1 Time +2 Location +3 time.n.08 EQU now time.n.08 EQU now city.n.01 Name "Kioto"
believe.v.01 Time +1 Agent +2 Theme +3 time.n.08 EQU now person.n.01 EQU hearer easter_bunny.n.01
person.n.01 Name ? talk.v.01 Co-Agent -1 Time +1 Agent +2 time.n.08 EQU now person.n.01 EQU hearer
planet.n.01 Name ? be.v.03 Source -1 Time +1 Theme +2 time.n.08 EQU now person.n.01 EQU hearer
NEGATION <1 person.n.01 talk.v.01 Agent -1 Time +1 Topic +2 time.n.08 TPR now movie.n.01
male.n.02 bicycle.n.01 User -1 time.n.08 EQU now blue.a.01 ColourOf -2 Time -1
person.n.01 EQU speaker love.v.01 Experiencer -1 Time +1 Stimulus +2 time.n.08 EQU now ice_cream.n.01
reason.n.01 EQU ? time.n.08 EQU now female.n.02 Name "Jane" station.n.01 go.v.01 Causer -4 Time -3 Theme -2 Destination -1 Time +1 time.n.08 TPR now
male.n.02 Name "Tom" put.v.01 Agent -1 Time +1 Theme +2 Destination +3 time.n.08 TPR now key.n.01 lock.n.01
person.n.01 Name ? invent.v.01 Agent -1 Time +1 Result +2 time.n.08 TPR now radio.n.03
male.n.02 Name "Tom" make.v.16 Agent -1 Time +1 Theme +2 time.n.08 TPR now statement.n.01
male.n.02 time.n.08 EQU now smashed.a.01 AttributeOf -2 Time -1
event.v.01 Participant +2 fire.n.03 burn.v.04 Theme -1
